# bootstrap K=10 M=15 T=400 DIM=24 start=20260415_191826
  iter 1/10 (0s elapsed)
grep: interferometer.hexa: No such file or directory
grep: interferometer.hexa: No such file or directory
grep: higher_order/triple_mi.hexa: No such file or directory
grep: higher_order/triple_mi.hexa: No such file or directory
Traceback (most recent call last):
  File "<string>", line 4, in <module>
  File "/Users/ghost/Library/Python/3.9/lib/python/site-packages/numpy/lib/_npyio_impl.py", line 1381, in loadtxt
    arr = _read(fname, dtype=dtype, comment=comment, delimiter=delimiter,
  File "/Users/ghost/Library/Python/3.9/lib/python/site-packages/numpy/lib/_npyio_impl.py", line 997, in _read
    fh = np.lib._datasource.open(fname, 'rt', encoding=encoding)
  File "/Users/ghost/Library/Python/3.9/lib/python/site-packages/numpy/lib/_datasource.py", line 192, in open
    return ds.open(path, mode, encoding=encoding, newline=newline)
  File "/Users/ghost/Library/Python/3.9/lib/python/site-packages/numpy/lib/_datasource.py", line 532, in open
    raise FileNotFoundError(f"{path} not found.")
FileNotFoundError: /Users/ghost/Dev/nexus/shared/sim_bridge/multiverse/higher_order/sanity/bootstrap/20260415_191826/iter_1/A/mi_values.txt not found.
<string>:4: UserWarning: loadtxt: input contained no data: "/Users/ghost/Dev/nexus/shared/sim_bridge/multiverse/higher_order/sanity/bootstrap/20260415_191826/iter_1/A/triples_vals.txt"
<string>:5: UserWarning: loadtxt: input contained no data: "/Users/ghost/Dev/nexus/shared/sim_bridge/multiverse/higher_order/sanity/bootstrap/20260415_191826/iter_1/B/triples_vals.txt"
Traceback (most recent call last):
  File "<string>", line 6, in <module>
  File "/Users/ghost/Library/Python/3.9/lib/python/site-packages/scipy/stats/_axis_nan_policy.py", line 531, in axis_nan_policy_wrapper
    res = hypotest_fun_out(*samples, **kwds)
  File "/Users/ghost/Library/Python/3.9/lib/python/site-packages/scipy/_lib/_util.py", line 794, in wrapper
    return fun(*args, **kwargs)
  File "/Users/ghost/Library/Python/3.9/lib/python/site-packages/scipy/stats/_stats_py.py", line 8744, in ks_2samp
    raise ValueError('Data passed to ks_2samp must not be empty')
ValueError: Data passed to ks_2samp must not be empty
    D_pair=NaN  D_tri=NaN
  iter 2/10 (2s elapsed)
grep: interferometer.hexa: No such file or directory
grep: interferometer.hexa: No such file or directory
grep: higher_order/triple_mi.hexa: No such file or directory
grep: higher_order/triple_mi.hexa: No such file or directory
Traceback (most recent call last):
  File "<string>", line 4, in <module>
  File "/Users/ghost/Library/Python/3.9/lib/python/site-packages/numpy/lib/_npyio_impl.py", line 1381, in loadtxt
    arr = _read(fname, dtype=dtype, comment=comment, delimiter=delimiter,
  File "/Users/ghost/Library/Python/3.9/lib/python/site-packages/numpy/lib/_npyio_impl.py", line 997, in _read
    fh = np.lib._datasource.open(fname, 'rt', encoding=encoding)
  File "/Users/ghost/Library/Python/3.9/lib/python/site-packages/numpy/lib/_datasource.py", line 192, in open
    return ds.open(path, mode, encoding=encoding, newline=newline)
  File "/Users/ghost/Library/Python/3.9/lib/python/site-packages/numpy/lib/_datasource.py", line 532, in open
    raise FileNotFoundError(f"{path} not found.")
FileNotFoundError: /Users/ghost/Dev/nexus/shared/sim_bridge/multiverse/higher_order/sanity/bootstrap/20260415_191826/iter_2/A/mi_values.txt not found.
<string>:4: UserWarning: loadtxt: input contained no data: "/Users/ghost/Dev/nexus/shared/sim_bridge/multiverse/higher_order/sanity/bootstrap/20260415_191826/iter_2/A/triples_vals.txt"
<string>:5: UserWarning: loadtxt: input contained no data: "/Users/ghost/Dev/nexus/shared/sim_bridge/multiverse/higher_order/sanity/bootstrap/20260415_191826/iter_2/B/triples_vals.txt"
Traceback (most recent call last):
  File "<string>", line 6, in <module>
  File "/Users/ghost/Library/Python/3.9/lib/python/site-packages/scipy/stats/_axis_nan_policy.py", line 531, in axis_nan_policy_wrapper
    res = hypotest_fun_out(*samples, **kwds)
  File "/Users/ghost/Library/Python/3.9/lib/python/site-packages/scipy/_lib/_util.py", line 794, in wrapper
    return fun(*args, **kwargs)
  File "/Users/ghost/Library/Python/3.9/lib/python/site-packages/scipy/stats/_stats_py.py", line 8744, in ks_2samp
    raise ValueError('Data passed to ks_2samp must not be empty')
ValueError: Data passed to ks_2samp must not be empty
    D_pair=NaN  D_tri=NaN
  iter 3/10 (4s elapsed)
grep: interferometer.hexa: No such file or directory
grep: interferometer.hexa: No such file or directory
grep: higher_order/triple_mi.hexa: No such file or directory
grep: higher_order/triple_mi.hexa: No such file or directory
Traceback (most recent call last):
  File "<string>", line 4, in <module>
  File "/Users/ghost/Library/Python/3.9/lib/python/site-packages/numpy/lib/_npyio_impl.py", line 1381, in loadtxt
    arr = _read(fname, dtype=dtype, comment=comment, delimiter=delimiter,
  File "/Users/ghost/Library/Python/3.9/lib/python/site-packages/numpy/lib/_npyio_impl.py", line 997, in _read
    fh = np.lib._datasource.open(fname, 'rt', encoding=encoding)
  File "/Users/ghost/Library/Python/3.9/lib/python/site-packages/numpy/lib/_datasource.py", line 192, in open
    return ds.open(path, mode, encoding=encoding, newline=newline)
  File "/Users/ghost/Library/Python/3.9/lib/python/site-packages/numpy/lib/_datasource.py", line 532, in open
    raise FileNotFoundError(f"{path} not found.")
FileNotFoundError: /Users/ghost/Dev/nexus/shared/sim_bridge/multiverse/higher_order/sanity/bootstrap/20260415_191826/iter_3/A/mi_values.txt not found.
<string>:4: UserWarning: loadtxt: input contained no data: "/Users/ghost/Dev/nexus/shared/sim_bridge/multiverse/higher_order/sanity/bootstrap/20260415_191826/iter_3/A/triples_vals.txt"
<string>:5: UserWarning: loadtxt: input contained no data: "/Users/ghost/Dev/nexus/shared/sim_bridge/multiverse/higher_order/sanity/bootstrap/20260415_191826/iter_3/B/triples_vals.txt"
Traceback (most recent call last):
  File "<string>", line 6, in <module>
  File "/Users/ghost/Library/Python/3.9/lib/python/site-packages/scipy/stats/_axis_nan_policy.py", line 531, in axis_nan_policy_wrapper
    res = hypotest_fun_out(*samples, **kwds)
  File "/Users/ghost/Library/Python/3.9/lib/python/site-packages/scipy/_lib/_util.py", line 794, in wrapper
    return fun(*args, **kwargs)
  File "/Users/ghost/Library/Python/3.9/lib/python/site-packages/scipy/stats/_stats_py.py", line 8744, in ks_2samp
    raise ValueError('Data passed to ks_2samp must not be empty')
ValueError: Data passed to ks_2samp must not be empty
    D_pair=NaN  D_tri=NaN
  iter 4/10 (5s elapsed)
grep: interferometer.hexa: No such file or directory
grep: interferometer.hexa: No such file or directory
grep: higher_order/triple_mi.hexa: No such file or directory
grep: higher_order/triple_mi.hexa: No such file or directory
Traceback (most recent call last):
  File "<string>", line 4, in <module>
  File "/Users/ghost/Library/Python/3.9/lib/python/site-packages/numpy/lib/_npyio_impl.py", line 1381, in loadtxt
    arr = _read(fname, dtype=dtype, comment=comment, delimiter=delimiter,
  File "/Users/ghost/Library/Python/3.9/lib/python/site-packages/numpy/lib/_npyio_impl.py", line 997, in _read
    fh = np.lib._datasource.open(fname, 'rt', encoding=encoding)
  File "/Users/ghost/Library/Python/3.9/lib/python/site-packages/numpy/lib/_datasource.py", line 192, in open
    return ds.open(path, mode, encoding=encoding, newline=newline)
  File "/Users/ghost/Library/Python/3.9/lib/python/site-packages/numpy/lib/_datasource.py", line 532, in open
    raise FileNotFoundError(f"{path} not found.")
FileNotFoundError: /Users/ghost/Dev/nexus/shared/sim_bridge/multiverse/higher_order/sanity/bootstrap/20260415_191826/iter_4/A/mi_values.txt not found.
<string>:4: UserWarning: loadtxt: input contained no data: "/Users/ghost/Dev/nexus/shared/sim_bridge/multiverse/higher_order/sanity/bootstrap/20260415_191826/iter_4/A/triples_vals.txt"
<string>:5: UserWarning: loadtxt: input contained no data: "/Users/ghost/Dev/nexus/shared/sim_bridge/multiverse/higher_order/sanity/bootstrap/20260415_191826/iter_4/B/triples_vals.txt"
Traceback (most recent call last):
  File "<string>", line 6, in <module>
  File "/Users/ghost/Library/Python/3.9/lib/python/site-packages/scipy/stats/_axis_nan_policy.py", line 531, in axis_nan_policy_wrapper
    res = hypotest_fun_out(*samples, **kwds)
  File "/Users/ghost/Library/Python/3.9/lib/python/site-packages/scipy/_lib/_util.py", line 794, in wrapper
    return fun(*args, **kwargs)
  File "/Users/ghost/Library/Python/3.9/lib/python/site-packages/scipy/stats/_stats_py.py", line 8744, in ks_2samp
    raise ValueError('Data passed to ks_2samp must not be empty')
ValueError: Data passed to ks_2samp must not be empty
    D_pair=NaN  D_tri=NaN
  iter 5/10 (6s elapsed)
grep: interferometer.hexa: No such file or directory
grep: interferometer.hexa: No such file or directory
grep: higher_order/triple_mi.hexa: No such file or directory
grep: higher_order/triple_mi.hexa: No such file or directory
Traceback (most recent call last):
  File "<string>", line 4, in <module>
  File "/Users/ghost/Library/Python/3.9/lib/python/site-packages/numpy/lib/_npyio_impl.py", line 1381, in loadtxt
    arr = _read(fname, dtype=dtype, comment=comment, delimiter=delimiter,
  File "/Users/ghost/Library/Python/3.9/lib/python/site-packages/numpy/lib/_npyio_impl.py", line 997, in _read
    fh = np.lib._datasource.open(fname, 'rt', encoding=encoding)
  File "/Users/ghost/Library/Python/3.9/lib/python/site-packages/numpy/lib/_datasource.py", line 192, in open
    return ds.open(path, mode, encoding=encoding, newline=newline)
  File "/Users/ghost/Library/Python/3.9/lib/python/site-packages/numpy/lib/_datasource.py", line 532, in open
    raise FileNotFoundError(f"{path} not found.")
FileNotFoundError: /Users/ghost/Dev/nexus/shared/sim_bridge/multiverse/higher_order/sanity/bootstrap/20260415_191826/iter_5/A/mi_values.txt not found.
<string>:4: UserWarning: loadtxt: input contained no data: "/Users/ghost/Dev/nexus/shared/sim_bridge/multiverse/higher_order/sanity/bootstrap/20260415_191826/iter_5/A/triples_vals.txt"
<string>:5: UserWarning: loadtxt: input contained no data: "/Users/ghost/Dev/nexus/shared/sim_bridge/multiverse/higher_order/sanity/bootstrap/20260415_191826/iter_5/B/triples_vals.txt"
Traceback (most recent call last):
  File "<string>", line 6, in <module>
  File "/Users/ghost/Library/Python/3.9/lib/python/site-packages/scipy/stats/_axis_nan_policy.py", line 531, in axis_nan_policy_wrapper
    res = hypotest_fun_out(*samples, **kwds)
  File "/Users/ghost/Library/Python/3.9/lib/python/site-packages/scipy/_lib/_util.py", line 794, in wrapper
    return fun(*args, **kwargs)
  File "/Users/ghost/Library/Python/3.9/lib/python/site-packages/scipy/stats/_stats_py.py", line 8744, in ks_2samp
    raise ValueError('Data passed to ks_2samp must not be empty')
ValueError: Data passed to ks_2samp must not be empty
    D_pair=NaN  D_tri=NaN
  iter 6/10 (8s elapsed)
grep: interferometer.hexa: No such file or directory
grep: interferometer.hexa: No such file or directory
grep: higher_order/triple_mi.hexa: No such file or directory
grep: higher_order/triple_mi.hexa: No such file or directory
Traceback (most recent call last):
  File "<string>", line 4, in <module>
  File "/Users/ghost/Library/Python/3.9/lib/python/site-packages/numpy/lib/_npyio_impl.py", line 1381, in loadtxt
    arr = _read(fname, dtype=dtype, comment=comment, delimiter=delimiter,
  File "/Users/ghost/Library/Python/3.9/lib/python/site-packages/numpy/lib/_npyio_impl.py", line 997, in _read
    fh = np.lib._datasource.open(fname, 'rt', encoding=encoding)
  File "/Users/ghost/Library/Python/3.9/lib/python/site-packages/numpy/lib/_datasource.py", line 192, in open
    return ds.open(path, mode, encoding=encoding, newline=newline)
  File "/Users/ghost/Library/Python/3.9/lib/python/site-packages/numpy/lib/_datasource.py", line 532, in open
    raise FileNotFoundError(f"{path} not found.")
FileNotFoundError: /Users/ghost/Dev/nexus/shared/sim_bridge/multiverse/higher_order/sanity/bootstrap/20260415_191826/iter_6/A/mi_values.txt not found.
<string>:4: UserWarning: loadtxt: input contained no data: "/Users/ghost/Dev/nexus/shared/sim_bridge/multiverse/higher_order/sanity/bootstrap/20260415_191826/iter_6/A/triples_vals.txt"
<string>:5: UserWarning: loadtxt: input contained no data: "/Users/ghost/Dev/nexus/shared/sim_bridge/multiverse/higher_order/sanity/bootstrap/20260415_191826/iter_6/B/triples_vals.txt"
Traceback (most recent call last):
  File "<string>", line 6, in <module>
  File "/Users/ghost/Library/Python/3.9/lib/python/site-packages/scipy/stats/_axis_nan_policy.py", line 531, in axis_nan_policy_wrapper
    res = hypotest_fun_out(*samples, **kwds)
  File "/Users/ghost/Library/Python/3.9/lib/python/site-packages/scipy/_lib/_util.py", line 794, in wrapper
    return fun(*args, **kwargs)
  File "/Users/ghost/Library/Python/3.9/lib/python/site-packages/scipy/stats/_stats_py.py", line 8744, in ks_2samp
    raise ValueError('Data passed to ks_2samp must not be empty')
ValueError: Data passed to ks_2samp must not be empty
    D_pair=NaN  D_tri=NaN
  iter 7/10 (9s elapsed)
grep: interferometer.hexa: No such file or directory
grep: interferometer.hexa: No such file or directory
grep: higher_order/triple_mi.hexa: No such file or directory
grep: higher_order/triple_mi.hexa: No such file or directory
Traceback (most recent call last):
  File "<string>", line 4, in <module>
  File "/Users/ghost/Library/Python/3.9/lib/python/site-packages/numpy/lib/_npyio_impl.py", line 1381, in loadtxt
    arr = _read(fname, dtype=dtype, comment=comment, delimiter=delimiter,
  File "/Users/ghost/Library/Python/3.9/lib/python/site-packages/numpy/lib/_npyio_impl.py", line 997, in _read
    fh = np.lib._datasource.open(fname, 'rt', encoding=encoding)
  File "/Users/ghost/Library/Python/3.9/lib/python/site-packages/numpy/lib/_datasource.py", line 192, in open
    return ds.open(path, mode, encoding=encoding, newline=newline)
  File "/Users/ghost/Library/Python/3.9/lib/python/site-packages/numpy/lib/_datasource.py", line 532, in open
    raise FileNotFoundError(f"{path} not found.")
FileNotFoundError: /Users/ghost/Dev/nexus/shared/sim_bridge/multiverse/higher_order/sanity/bootstrap/20260415_191826/iter_7/A/mi_values.txt not found.
<string>:4: UserWarning: loadtxt: input contained no data: "/Users/ghost/Dev/nexus/shared/sim_bridge/multiverse/higher_order/sanity/bootstrap/20260415_191826/iter_7/A/triples_vals.txt"
<string>:5: UserWarning: loadtxt: input contained no data: "/Users/ghost/Dev/nexus/shared/sim_bridge/multiverse/higher_order/sanity/bootstrap/20260415_191826/iter_7/B/triples_vals.txt"
Traceback (most recent call last):
  File "<string>", line 6, in <module>
  File "/Users/ghost/Library/Python/3.9/lib/python/site-packages/scipy/stats/_axis_nan_policy.py", line 531, in axis_nan_policy_wrapper
    res = hypotest_fun_out(*samples, **kwds)
  File "/Users/ghost/Library/Python/3.9/lib/python/site-packages/scipy/_lib/_util.py", line 794, in wrapper
    return fun(*args, **kwargs)
  File "/Users/ghost/Library/Python/3.9/lib/python/site-packages/scipy/stats/_stats_py.py", line 8744, in ks_2samp
    raise ValueError('Data passed to ks_2samp must not be empty')
ValueError: Data passed to ks_2samp must not be empty
    D_pair=NaN  D_tri=NaN
  iter 8/10 (11s elapsed)
grep: interferometer.hexa: No such file or directory
grep: interferometer.hexa: No such file or directory
grep: higher_order/triple_mi.hexa: No such file or directory
grep: higher_order/triple_mi.hexa: No such file or directory
Traceback (most recent call last):
  File "<string>", line 4, in <module>
  File "/Users/ghost/Library/Python/3.9/lib/python/site-packages/numpy/lib/_npyio_impl.py", line 1381, in loadtxt
    arr = _read(fname, dtype=dtype, comment=comment, delimiter=delimiter,
  File "/Users/ghost/Library/Python/3.9/lib/python/site-packages/numpy/lib/_npyio_impl.py", line 997, in _read
    fh = np.lib._datasource.open(fname, 'rt', encoding=encoding)
  File "/Users/ghost/Library/Python/3.9/lib/python/site-packages/numpy/lib/_datasource.py", line 192, in open
    return ds.open(path, mode, encoding=encoding, newline=newline)
  File "/Users/ghost/Library/Python/3.9/lib/python/site-packages/numpy/lib/_datasource.py", line 532, in open
    raise FileNotFoundError(f"{path} not found.")
FileNotFoundError: /Users/ghost/Dev/nexus/shared/sim_bridge/multiverse/higher_order/sanity/bootstrap/20260415_191826/iter_8/A/mi_values.txt not found.
<string>:4: UserWarning: loadtxt: input contained no data: "/Users/ghost/Dev/nexus/shared/sim_bridge/multiverse/higher_order/sanity/bootstrap/20260415_191826/iter_8/A/triples_vals.txt"
<string>:5: UserWarning: loadtxt: input contained no data: "/Users/ghost/Dev/nexus/shared/sim_bridge/multiverse/higher_order/sanity/bootstrap/20260415_191826/iter_8/B/triples_vals.txt"
Traceback (most recent call last):
  File "<string>", line 6, in <module>
  File "/Users/ghost/Library/Python/3.9/lib/python/site-packages/scipy/stats/_axis_nan_policy.py", line 531, in axis_nan_policy_wrapper
    res = hypotest_fun_out(*samples, **kwds)
  File "/Users/ghost/Library/Python/3.9/lib/python/site-packages/scipy/_lib/_util.py", line 794, in wrapper
    return fun(*args, **kwargs)
  File "/Users/ghost/Library/Python/3.9/lib/python/site-packages/scipy/stats/_stats_py.py", line 8744, in ks_2samp
    raise ValueError('Data passed to ks_2samp must not be empty')
ValueError: Data passed to ks_2samp must not be empty
    D_pair=NaN  D_tri=NaN
  iter 9/10 (12s elapsed)
grep: interferometer.hexa: No such file or directory
grep: interferometer.hexa: No such file or directory
grep: higher_order/triple_mi.hexa: No such file or directory
grep: higher_order/triple_mi.hexa: No such file or directory
Traceback (most recent call last):
  File "<string>", line 4, in <module>
  File "/Users/ghost/Library/Python/3.9/lib/python/site-packages/numpy/lib/_npyio_impl.py", line 1381, in loadtxt
    arr = _read(fname, dtype=dtype, comment=comment, delimiter=delimiter,
  File "/Users/ghost/Library/Python/3.9/lib/python/site-packages/numpy/lib/_npyio_impl.py", line 997, in _read
    fh = np.lib._datasource.open(fname, 'rt', encoding=encoding)
  File "/Users/ghost/Library/Python/3.9/lib/python/site-packages/numpy/lib/_datasource.py", line 192, in open
    return ds.open(path, mode, encoding=encoding, newline=newline)
  File "/Users/ghost/Library/Python/3.9/lib/python/site-packages/numpy/lib/_datasource.py", line 532, in open
    raise FileNotFoundError(f"{path} not found.")
FileNotFoundError: /Users/ghost/Dev/nexus/shared/sim_bridge/multiverse/higher_order/sanity/bootstrap/20260415_191826/iter_9/A/mi_values.txt not found.
<string>:4: UserWarning: loadtxt: input contained no data: "/Users/ghost/Dev/nexus/shared/sim_bridge/multiverse/higher_order/sanity/bootstrap/20260415_191826/iter_9/A/triples_vals.txt"
<string>:5: UserWarning: loadtxt: input contained no data: "/Users/ghost/Dev/nexus/shared/sim_bridge/multiverse/higher_order/sanity/bootstrap/20260415_191826/iter_9/B/triples_vals.txt"
Traceback (most recent call last):
  File "<string>", line 6, in <module>
  File "/Users/ghost/Library/Python/3.9/lib/python/site-packages/scipy/stats/_axis_nan_policy.py", line 531, in axis_nan_policy_wrapper
    res = hypotest_fun_out(*samples, **kwds)
  File "/Users/ghost/Library/Python/3.9/lib/python/site-packages/scipy/_lib/_util.py", line 794, in wrapper
    return fun(*args, **kwargs)
  File "/Users/ghost/Library/Python/3.9/lib/python/site-packages/scipy/stats/_stats_py.py", line 8744, in ks_2samp
    raise ValueError('Data passed to ks_2samp must not be empty')
ValueError: Data passed to ks_2samp must not be empty
    D_pair=NaN  D_tri=NaN
  iter 10/10 (14s elapsed)
grep: interferometer.hexa: No such file or directory
grep: interferometer.hexa: No such file or directory
grep: higher_order/triple_mi.hexa: No such file or directory
grep: higher_order/triple_mi.hexa: No such file or directory
Traceback (most recent call last):
  File "<string>", line 4, in <module>
  File "/Users/ghost/Library/Python/3.9/lib/python/site-packages/numpy/lib/_npyio_impl.py", line 1381, in loadtxt
    arr = _read(fname, dtype=dtype, comment=comment, delimiter=delimiter,
  File "/Users/ghost/Library/Python/3.9/lib/python/site-packages/numpy/lib/_npyio_impl.py", line 997, in _read
    fh = np.lib._datasource.open(fname, 'rt', encoding=encoding)
  File "/Users/ghost/Library/Python/3.9/lib/python/site-packages/numpy/lib/_datasource.py", line 192, in open
    return ds.open(path, mode, encoding=encoding, newline=newline)
  File "/Users/ghost/Library/Python/3.9/lib/python/site-packages/numpy/lib/_datasource.py", line 532, in open
    raise FileNotFoundError(f"{path} not found.")
FileNotFoundError: /Users/ghost/Dev/nexus/shared/sim_bridge/multiverse/higher_order/sanity/bootstrap/20260415_191826/iter_10/A/mi_values.txt not found.
<string>:4: UserWarning: loadtxt: input contained no data: "/Users/ghost/Dev/nexus/shared/sim_bridge/multiverse/higher_order/sanity/bootstrap/20260415_191826/iter_10/A/triples_vals.txt"
<string>:5: UserWarning: loadtxt: input contained no data: "/Users/ghost/Dev/nexus/shared/sim_bridge/multiverse/higher_order/sanity/bootstrap/20260415_191826/iter_10/B/triples_vals.txt"
Traceback (most recent call last):
  File "<string>", line 6, in <module>
  File "/Users/ghost/Library/Python/3.9/lib/python/site-packages/scipy/stats/_axis_nan_policy.py", line 531, in axis_nan_policy_wrapper
    res = hypotest_fun_out(*samples, **kwds)
  File "/Users/ghost/Library/Python/3.9/lib/python/site-packages/scipy/_lib/_util.py", line 794, in wrapper
    return fun(*args, **kwargs)
  File "/Users/ghost/Library/Python/3.9/lib/python/site-packages/scipy/stats/_stats_py.py", line 8744, in ks_2samp
    raise ValueError('Data passed to ks_2samp must not be empty')
ValueError: Data passed to ks_2samp must not be empty
    D_pair=NaN  D_tri=NaN
# bootstrap done 15s
