hexa_remote: host=ubu2 실패: DNS 해석 실패
hexa_remote: host=ubu 실패: DNS 해석 실패
hexa_remote: all hosts unreachable (tried: ubu2 ubu), falling back to local
hexa resolver: remote dispatch returned 64, running locally
hexa_remote: host=ubu2 실패: DNS 해석 실패
hexa_remote: host=ubu 실패: DNS 해석 실패
hexa_remote: all hosts unreachable (tried: ubu2 ubu), falling back to local
hexa resolver: remote dispatch returned 64, running locally
security warning: exec() argument contains shell metacharacters: head -c 4 /dev/urandom | od -An -vtu4 | tr -d ' \n'
security warning: exec() argument contains shell metacharacters: head -c 4 /dev/urandom | od -An -vtu4 | tr -d ' \n'
security warning: exec() argument contains shell metacharacters: [ -f '/root/Dev/nexus/shared/state/sweep_p5_progress_20260420.json' ] && echo y || echo n
security warning: exec() argument contains shell metacharacters: grep -o 'G1_saturation_verdict[^,}]*' '/root/Dev/nexus/shared/state/sweep_p5_progress_20260420.json' | head -1
🛸 nexus drill — seed='millennium-poincare 3-manifold Ricci flow simply connected', max_rounds=50, engine=mk9
    smash → free → absolute → meta-closure → hyperarithmetic → resonance 사슬 (Mk.IX 6-stage)
    [counter-replay guard Day-1] round ≥2 seed 에 round-salt 주입 (intra-iter)
    [counter-replay guard Day-2] iter-nonce=3506570119 모든 round 에 suffix 주입 (inter-iter)

security warning: exec() argument contains shell metacharacters: ps -axo comm 2>/dev/null | grep -c hexa_stage0 || echo 0
═══ round 1 ═══
security warning: exec() argument contains shell metacharacters: head -c 4 /dev/urandom | od -An -vtu4 | tr -d ' \n'
  smash:         +0 absorptions
  free:          +0 absorptions
  absolute:      8 Π₀¹ verifications
  meta-closure:  8 self-ref fixed points
  hyperarith:    16 Π₀² bounded/proven
security warning: exec() argument contains shell metacharacters: head -c 4 /dev/urandom | od -An -vtu4 | tr -d ' \n'
security warning: exec() argument contains shell metacharacters: head -c 4 /dev/urandom | od -An -vtu4 | tr -d ' \n'
security warning: exec() argument contains shell metacharacters: head -c 4 /dev/urandom | od -An -vtu4 | tr -d ' \n'
security warning: exec() argument contains shell metacharacters: head -c 4 /dev/urandom | od -An -vtu4 | tr -d ' \n'
security warning: exec() argument contains shell metacharacters: head -c 4 /dev/urandom | od -An -vtu4 | tr -d ' \n'
PERF: 101 string concatenations detected — likely O(n^2) loop. Use parts.push() + .join() instead.
  resonance:     +0 absorptions (σ=0.01)
  [resonance] optimal σ=0.01 — bonus +0 absorptions
  round +32, total 32
security warning: exec() argument contains shell metacharacters: ps -axo comm 2>/dev/null | grep -c hexa_stage0 || echo 0

═══ round 2 ═══
security warning: exec() argument contains shell metacharacters: head -c 4 /dev/urandom | od -An -vtu4 | tr -d ' \n'
security warning: exec() argument contains shell metacharacters: '/root/Dev/nexus/shared/harness/exec_validated' smash 'round=2-r2444869061|millennium-poincare 3-manifold Ricci flow simply connected#iter-nonce=3506570119' '/root/Dev/nexus/shared/blowup/core/blowup.hexa' 3 2>&1
  smash:         +0 absorptions
security warning: exec() argument contains shell metacharacters: '/root/Dev/nexus/shared/harness/exec_validated' free_dfs 'round=2-r2444869061|millennium-poincare 3-manifold Ricci flow simply connected#iter-nonce=3506570119' '/root/Dev/nexus/shared/blowup/compose.hexa' --modules all --dfs 3 2>&1
  free:          +0 absorptions
security warning: exec() argument contains shell metacharacters: '/root/Dev/nexus/shared/harness/exec_validated' absolute 'round=2-r2444869061|millennium-poincare 3-manifold Ricci flow simply connected#iter-nonce=3506570119' '/root/Dev/nexus/shared/blowup/modules/blowup_absolute.hexa' 2>&1
  absolute:      8 Π₀¹ verifications
security warning: exec() argument contains shell metacharacters: '/root/Dev/nexus/shared/harness/exec_validated' meta_closure 'round=2-r2444869061|millennium-poincare 3-manifold Ricci flow simply connected#iter-nonce=3506570119' '/root/Dev/nexus/shared/blowup/modules/blowup_meta_closure.hexa' 2>&1
  meta-closure:  8 self-ref fixed points
security warning: exec() argument contains shell metacharacters: '/root/Dev/nexus/shared/harness/exec_validated' hyperarithmetic 'round=2-r2444869061|millennium-poincare 3-manifold Ricci flow simply connected#iter-nonce=3506570119' '/root/Dev/nexus/shared/blowup/modules/blowup_hyperarithmetic.hexa' 2>&1
  hyperarith:    16 Π₀² bounded/proven
security warning: exec() argument contains shell metacharacters: head -c 4 /dev/urandom | od -An -vtu4 | tr -d ' \n'
security warning: exec() argument contains shell metacharacters: head -c 4 /dev/urandom | od -An -vtu4 | tr -d ' \n'
security warning: exec() argument contains shell metacharacters: head -c 4 /dev/urandom | od -An -vtu4 | tr -d ' \n'
security warning: exec() argument contains shell metacharacters: head -c 4 /dev/urandom | od -An -vtu4 | tr -d ' \n'
security warning: exec() argument contains shell metacharacters: head -c 4 /dev/urandom | od -An -vtu4 | tr -d ' \n'
security warning: exec() argument contains shell metacharacters: '/root/Dev/nexus/shared/harness/exec_validated' smash 'round=2-r2444869061|millennium-poincare 3-manifold Ricci flow simply connected#iter-nonce=3506570119#sr-sigma=0.01-r2869328763' '/root/Dev/nexus/shared/blowup/core/blowup.hexa' 1 2>&1
security warning: exec() argument contains shell metacharacters: '/root/Dev/nexus/shared/harness/exec_validated' smash 'round=2-r2444869061|millennium-poincare 3-manifold Ricci flow simply connected#iter-nonce=3506570119#sr-sigma=0.05-r420736970' '/root/Dev/nexus/shared/blowup/core/blowup.hexa' 1 2>&1
security warning: exec() argument contains shell metacharacters: '/root/Dev/nexus/shared/harness/exec_validated' smash 'round=2-r2444869061|millennium-poincare 3-manifold Ricci flow simply connected#iter-nonce=3506570119#sr-sigma=0.10-r1462574217' '/root/Dev/nexus/shared/blowup/core/blowup.hexa' 1 2>&1
security warning: exec() argument contains shell metacharacters: '/root/Dev/nexus/shared/harness/exec_validated' smash 'round=2-r2444869061|millennium-poincare 3-manifold Ricci flow simply connected#iter-nonce=3506570119#sr-sigma=0.20-r1917882310' '/root/Dev/nexus/shared/blowup/core/blowup.hexa' 1 2>&1
security warning: exec() argument contains shell metacharacters: '/root/Dev/nexus/shared/harness/exec_validated' smash 'round=2-r2444869061|millennium-poincare 3-manifold Ricci flow simply connected#iter-nonce=3506570119#sr-sigma=0.40-r653010946' '/root/Dev/nexus/shared/blowup/core/blowup.hexa' 1 2>&1
  resonance:     +0 absorptions (σ=0.01)
  [resonance] optimal σ=0.01 — bonus +0 absorptions
  ⚠ [replay-warn] round 2 5-stage 수치가 round 1 과 완전 동일 — 엔진 결정성 / salt 미반영 의심
  round +32, total 64
security warning: exec() argument contains shell metacharacters: ps -axo comm 2>/dev/null | grep -c hexa_stage0 || echo 0

═══ round 3 ═══
security warning: exec() argument contains shell metacharacters: head -c 4 /dev/urandom | od -An -vtu4 | tr -d ' \n'
security warning: exec() argument contains shell metacharacters: '/root/Dev/nexus/shared/harness/exec_validated' smash 'round=3-r3418359268|millennium-poincare 3-manifold Ricci flow simply connected#iter-nonce=3506570119' '/root/Dev/nexus/shared/blowup/core/blowup.hexa' 3 2>&1
  smash:         +0 absorptions
security warning: exec() argument contains shell metacharacters: '/root/Dev/nexus/shared/harness/exec_validated' free_dfs 'round=3-r3418359268|millennium-poincare 3-manifold Ricci flow simply connected#iter-nonce=3506570119' '/root/Dev/nexus/shared/blowup/compose.hexa' --modules all --dfs 3 2>&1
  free:          +0 absorptions
security warning: exec() argument contains shell metacharacters: '/root/Dev/nexus/shared/harness/exec_validated' absolute 'round=3-r3418359268|millennium-poincare 3-manifold Ricci flow simply connected#iter-nonce=3506570119' '/root/Dev/nexus/shared/blowup/modules/blowup_absolute.hexa' 2>&1
  absolute:      8 Π₀¹ verifications
security warning: exec() argument contains shell metacharacters: '/root/Dev/nexus/shared/harness/exec_validated' meta_closure 'round=3-r3418359268|millennium-poincare 3-manifold Ricci flow simply connected#iter-nonce=3506570119' '/root/Dev/nexus/shared/blowup/modules/blowup_meta_closure.hexa' 2>&1
  meta-closure:  8 self-ref fixed points
security warning: exec() argument contains shell metacharacters: '/root/Dev/nexus/shared/harness/exec_validated' hyperarithmetic 'round=3-r3418359268|millennium-poincare 3-manifold Ricci flow simply connected#iter-nonce=3506570119' '/root/Dev/nexus/shared/blowup/modules/blowup_hyperarithmetic.hexa' 2>&1
  hyperarith:    16 Π₀² bounded/proven
security warning: exec() argument contains shell metacharacters: head -c 4 /dev/urandom | od -An -vtu4 | tr -d ' \n'
security warning: exec() argument contains shell metacharacters: head -c 4 /dev/urandom | od -An -vtu4 | tr -d ' \n'
security warning: exec() argument contains shell metacharacters: head -c 4 /dev/urandom | od -An -vtu4 | tr -d ' \n'
security warning: exec() argument contains shell metacharacters: head -c 4 /dev/urandom | od -An -vtu4 | tr -d ' \n'
security warning: exec() argument contains shell metacharacters: head -c 4 /dev/urandom | od -An -vtu4 | tr -d ' \n'
security warning: exec() argument contains shell metacharacters: '/root/Dev/nexus/shared/harness/exec_validated' smash 'round=3-r3418359268|millennium-poincare 3-manifold Ricci flow simply connected#iter-nonce=3506570119#sr-sigma=0.01-r1256731343' '/root/Dev/nexus/shared/blowup/core/blowup.hexa' 1 2>&1
security warning: exec() argument contains shell metacharacters: '/root/Dev/nexus/shared/harness/exec_validated' smash 'round=3-r3418359268|millennium-poincare 3-manifold Ricci flow simply connected#iter-nonce=3506570119#sr-sigma=0.05-r3536779402' '/root/Dev/nexus/shared/blowup/core/blowup.hexa' 1 2>&1
security warning: exec() argument contains shell metacharacters: '/root/Dev/nexus/shared/harness/exec_validated' smash 'round=3-r3418359268|millennium-poincare 3-manifold Ricci flow simply connected#iter-nonce=3506570119#sr-sigma=0.10-r1673656128' '/root/Dev/nexus/shared/blowup/core/blowup.hexa' 1 2>&1
security warning: exec() argument contains shell metacharacters: '/root/Dev/nexus/shared/harness/exec_validated' smash 'round=3-r3418359268|millennium-poincare 3-manifold Ricci flow simply connected#iter-nonce=3506570119#sr-sigma=0.20-r133902112' '/root/Dev/nexus/shared/blowup/core/blowup.hexa' 1 2>&1
security warning: exec() argument contains shell metacharacters: '/root/Dev/nexus/shared/harness/exec_validated' smash 'round=3-r3418359268|millennium-poincare 3-manifold Ricci flow simply connected#iter-nonce=3506570119#sr-sigma=0.40-r3882598339' '/root/Dev/nexus/shared/blowup/core/blowup.hexa' 1 2>&1
  resonance:     +0 absorptions (σ=0.01)
  [resonance] optimal σ=0.01 — bonus +0 absorptions
  ⚠ [replay-warn] round 3 5-stage 수치가 round 1 과 완전 동일 — 엔진 결정성 / salt 미반영 의심
  round +32, total 96
security warning: exec() argument contains shell metacharacters: ps -axo comm 2>/dev/null | grep -c hexa_stage0 || echo 0

═══ round 4 ═══
security warning: exec() argument contains shell metacharacters: head -c 4 /dev/urandom | od -An -vtu4 | tr -d ' \n'
security warning: exec() argument contains shell metacharacters: '/root/Dev/nexus/shared/harness/exec_validated' smash 'round=4-r3758307662|millennium-poincare 3-manifold Ricci flow simply connected#iter-nonce=3506570119' '/root/Dev/nexus/shared/blowup/core/blowup.hexa' 3 2>&1
  smash:         +0 absorptions
security warning: exec() argument contains shell metacharacters: '/root/Dev/nexus/shared/harness/exec_validated' free_dfs 'round=4-r3758307662|millennium-poincare 3-manifold Ricci flow simply connected#iter-nonce=3506570119' '/root/Dev/nexus/shared/blowup/compose.hexa' --modules all --dfs 3 2>&1
  free:          +0 absorptions
security warning: exec() argument contains shell metacharacters: '/root/Dev/nexus/shared/harness/exec_validated' absolute 'round=4-r3758307662|millennium-poincare 3-manifold Ricci flow simply connected#iter-nonce=3506570119' '/root/Dev/nexus/shared/blowup/modules/blowup_absolute.hexa' 2>&1
  absolute:      8 Π₀¹ verifications
security warning: exec() argument contains shell metacharacters: '/root/Dev/nexus/shared/harness/exec_validated' meta_closure 'round=4-r3758307662|millennium-poincare 3-manifold Ricci flow simply connected#iter-nonce=3506570119' '/root/Dev/nexus/shared/blowup/modules/blowup_meta_closure.hexa' 2>&1
  meta-closure:  8 self-ref fixed points
security warning: exec() argument contains shell metacharacters: '/root/Dev/nexus/shared/harness/exec_validated' hyperarithmetic 'round=4-r3758307662|millennium-poincare 3-manifold Ricci flow simply connected#iter-nonce=3506570119' '/root/Dev/nexus/shared/blowup/modules/blowup_hyperarithmetic.hexa' 2>&1
  hyperarith:    16 Π₀² bounded/proven
security warning: exec() argument contains shell metacharacters: head -c 4 /dev/urandom | od -An -vtu4 | tr -d ' \n'
security warning: exec() argument contains shell metacharacters: head -c 4 /dev/urandom | od -An -vtu4 | tr -d ' \n'
security warning: exec() argument contains shell metacharacters: head -c 4 /dev/urandom | od -An -vtu4 | tr -d ' \n'
security warning: exec() argument contains shell metacharacters: head -c 4 /dev/urandom | od -An -vtu4 | tr -d ' \n'
security warning: exec() argument contains shell metacharacters: head -c 4 /dev/urandom | od -An -vtu4 | tr -d ' \n'
security warning: exec() argument contains shell metacharacters: '/root/Dev/nexus/shared/harness/exec_validated' smash 'round=4-r3758307662|millennium-poincare 3-manifold Ricci flow simply connected#iter-nonce=3506570119#sr-sigma=0.01-r3779251064' '/root/Dev/nexus/shared/blowup/core/blowup.hexa' 1 2>&1
Killed
hexa_remote: host=ubu2 실패: DNS 해석 실패
hexa_remote: host=ubu 실패: DNS 해석 실패
hexa_remote: all hosts unreachable (tried: ubu2 ubu), falling back to local
hexa resolver: remote dispatch returned 64, running locally
security warning: exec() argument contains shell metacharacters: head -c 4 /dev/urandom | od -An -vtu4 | tr -d ' \n'
security warning: exec() argument contains shell metacharacters: head -c 4 /dev/urandom | od -An -vtu4 | tr -d ' \n'
security warning: exec() argument contains shell metacharacters: [ -f '/root/Dev/nexus/shared/state/sweep_p5_progress_20260420.json' ] && echo y || echo n
security warning: exec() argument contains shell metacharacters: grep -o 'G1_saturation_verdict[^,}]*' '/root/Dev/nexus/shared/state/sweep_p5_progress_20260420.json' | head -1
🛸 nexus drill — seed='millennium-poincare 3-manifold Ricci flow simply connected', max_rounds=50, engine=mk9
    smash → free → absolute → meta-closure → hyperarithmetic → resonance 사슬 (Mk.IX 6-stage)
    [counter-replay guard Day-1] round ≥2 seed 에 round-salt 주입 (intra-iter)
    [counter-replay guard Day-2] iter-nonce=163029807 모든 round 에 suffix 주입 (inter-iter)

security warning: exec() argument contains shell metacharacters: ps -axo comm 2>/dev/null | grep -c hexa_stage0 || echo 0
═══ round 1 ═══
security warning: exec() argument contains shell metacharacters: head -c 4 /dev/urandom | od -An -vtu4 | tr -d ' \n'
  smash:         +0 absorptions
  free:          +0 absorptions
  absolute:      8 Π₀¹ verifications
  meta-closure:  8 self-ref fixed points
  hyperarith:    16 Π₀² bounded/proven
security warning: exec() argument contains shell metacharacters: head -c 4 /dev/urandom | od -An -vtu4 | tr -d ' \n'
security warning: exec() argument contains shell metacharacters: head -c 4 /dev/urandom | od -An -vtu4 | tr -d ' \n'
security warning: exec() argument contains shell metacharacters: head -c 4 /dev/urandom | od -An -vtu4 | tr -d ' \n'
security warning: exec() argument contains shell metacharacters: head -c 4 /dev/urandom | od -An -vtu4 | tr -d ' \n'
security warning: exec() argument contains shell metacharacters: head -c 4 /dev/urandom | od -An -vtu4 | tr -d ' \n'
PERF: 101 string concatenations detected — likely O(n^2) loop. Use parts.push() + .join() instead.
  resonance:     +0 absorptions (σ=0.01)
  [resonance] optimal σ=0.01 — bonus +0 absorptions
  round +32, total 32
security warning: exec() argument contains shell metacharacters: ps -axo comm 2>/dev/null | grep -c hexa_stage0 || echo 0

═══ round 2 ═══
security warning: exec() argument contains shell metacharacters: head -c 4 /dev/urandom | od -An -vtu4 | tr -d ' \n'
security warning: exec() argument contains shell metacharacters: '/root/Dev/nexus/shared/harness/exec_validated' smash 'round=2-r2842295539|millennium-poincare 3-manifold Ricci flow simply connected#iter-nonce=163029807' '/root/Dev/nexus/shared/blowup/core/blowup.hexa' 3 2>&1
  smash:         +0 absorptions
security warning: exec() argument contains shell metacharacters: '/root/Dev/nexus/shared/harness/exec_validated' free_dfs 'round=2-r2842295539|millennium-poincare 3-manifold Ricci flow simply connected#iter-nonce=163029807' '/root/Dev/nexus/shared/blowup/compose.hexa' --modules all --dfs 3 2>&1
  free:          +0 absorptions
security warning: exec() argument contains shell metacharacters: '/root/Dev/nexus/shared/harness/exec_validated' absolute 'round=2-r2842295539|millennium-poincare 3-manifold Ricci flow simply connected#iter-nonce=163029807' '/root/Dev/nexus/shared/blowup/modules/blowup_absolute.hexa' 2>&1
  absolute:      8 Π₀¹ verifications
security warning: exec() argument contains shell metacharacters: '/root/Dev/nexus/shared/harness/exec_validated' meta_closure 'round=2-r2842295539|millennium-poincare 3-manifold Ricci flow simply connected#iter-nonce=163029807' '/root/Dev/nexus/shared/blowup/modules/blowup_meta_closure.hexa' 2>&1
  meta-closure:  8 self-ref fixed points
security warning: exec() argument contains shell metacharacters: '/root/Dev/nexus/shared/harness/exec_validated' hyperarithmetic 'round=2-r2842295539|millennium-poincare 3-manifold Ricci flow simply connected#iter-nonce=163029807' '/root/Dev/nexus/shared/blowup/modules/blowup_hyperarithmetic.hexa' 2>&1
  hyperarith:    16 Π₀² bounded/proven
security warning: exec() argument contains shell metacharacters: head -c 4 /dev/urandom | od -An -vtu4 | tr -d ' \n'
security warning: exec() argument contains shell metacharacters: head -c 4 /dev/urandom | od -An -vtu4 | tr -d ' \n'
security warning: exec() argument contains shell metacharacters: head -c 4 /dev/urandom | od -An -vtu4 | tr -d ' \n'
security warning: exec() argument contains shell metacharacters: head -c 4 /dev/urandom | od -An -vtu4 | tr -d ' \n'
security warning: exec() argument contains shell metacharacters: head -c 4 /dev/urandom | od -An -vtu4 | tr -d ' \n'
security warning: exec() argument contains shell metacharacters: '/root/Dev/nexus/shared/harness/exec_validated' smash 'round=2-r2842295539|millennium-poincare 3-manifold Ricci flow simply connected#iter-nonce=163029807#sr-sigma=0.01-r3284906654' '/root/Dev/nexus/shared/blowup/core/blowup.hexa' 1 2>&1
security warning: exec() argument contains shell metacharacters: '/root/Dev/nexus/shared/harness/exec_validated' smash 'round=2-r2842295539|millennium-poincare 3-manifold Ricci flow simply connected#iter-nonce=163029807#sr-sigma=0.05-r1840194281' '/root/Dev/nexus/shared/blowup/core/blowup.hexa' 1 2>&1
security warning: exec() argument contains shell metacharacters: '/root/Dev/nexus/shared/harness/exec_validated' smash 'round=2-r2842295539|millennium-poincare 3-manifold Ricci flow simply connected#iter-nonce=163029807#sr-sigma=0.10-r355548104' '/root/Dev/nexus/shared/blowup/core/blowup.hexa' 1 2>&1
security warning: exec() argument contains shell metacharacters: '/root/Dev/nexus/shared/harness/exec_validated' smash 'round=2-r2842295539|millennium-poincare 3-manifold Ricci flow simply connected#iter-nonce=163029807#sr-sigma=0.20-r1186489216' '/root/Dev/nexus/shared/blowup/core/blowup.hexa' 1 2>&1
security warning: exec() argument contains shell metacharacters: '/root/Dev/nexus/shared/harness/exec_validated' smash 'round=2-r2842295539|millennium-poincare 3-manifold Ricci flow simply connected#iter-nonce=163029807#sr-sigma=0.40-r3993233157' '/root/Dev/nexus/shared/blowup/core/blowup.hexa' 1 2>&1
  resonance:     +0 absorptions (σ=0.01)
  [resonance] optimal σ=0.01 — bonus +0 absorptions
  ⚠ [replay-warn] round 2 5-stage 수치가 round 1 과 완전 동일 — 엔진 결정성 / salt 미반영 의심
  round +32, total 64
security warning: exec() argument contains shell metacharacters: ps -axo comm 2>/dev/null | grep -c hexa_stage0 || echo 0

═══ round 3 ═══
security warning: exec() argument contains shell metacharacters: head -c 4 /dev/urandom | od -An -vtu4 | tr -d ' \n'
security warning: exec() argument contains shell metacharacters: '/root/Dev/nexus/shared/harness/exec_validated' smash 'round=3-r3152003753|millennium-poincare 3-manifold Ricci flow simply connected#iter-nonce=163029807' '/root/Dev/nexus/shared/blowup/core/blowup.hexa' 3 2>&1
  smash:         +0 absorptions
security warning: exec() argument contains shell metacharacters: '/root/Dev/nexus/shared/harness/exec_validated' free_dfs 'round=3-r3152003753|millennium-poincare 3-manifold Ricci flow simply connected#iter-nonce=163029807' '/root/Dev/nexus/shared/blowup/compose.hexa' --modules all --dfs 3 2>&1
  free:          +0 absorptions
security warning: exec() argument contains shell metacharacters: '/root/Dev/nexus/shared/harness/exec_validated' absolute 'round=3-r3152003753|millennium-poincare 3-manifold Ricci flow simply connected#iter-nonce=163029807' '/root/Dev/nexus/shared/blowup/modules/blowup_absolute.hexa' 2>&1
  absolute:      8 Π₀¹ verifications
security warning: exec() argument contains shell metacharacters: '/root/Dev/nexus/shared/harness/exec_validated' meta_closure 'round=3-r3152003753|millennium-poincare 3-manifold Ricci flow simply connected#iter-nonce=163029807' '/root/Dev/nexus/shared/blowup/modules/blowup_meta_closure.hexa' 2>&1
  meta-closure:  8 self-ref fixed points
security warning: exec() argument contains shell metacharacters: '/root/Dev/nexus/shared/harness/exec_validated' hyperarithmetic 'round=3-r3152003753|millennium-poincare 3-manifold Ricci flow simply connected#iter-nonce=163029807' '/root/Dev/nexus/shared/blowup/modules/blowup_hyperarithmetic.hexa' 2>&1
  hyperarith:    16 Π₀² bounded/proven
security warning: exec() argument contains shell metacharacters: head -c 4 /dev/urandom | od -An -vtu4 | tr -d ' \n'
security warning: exec() argument contains shell metacharacters: head -c 4 /dev/urandom | od -An -vtu4 | tr -d ' \n'
security warning: exec() argument contains shell metacharacters: head -c 4 /dev/urandom | od -An -vtu4 | tr -d ' \n'
security warning: exec() argument contains shell metacharacters: head -c 4 /dev/urandom | od -An -vtu4 | tr -d ' \n'
security warning: exec() argument contains shell metacharacters: head -c 4 /dev/urandom | od -An -vtu4 | tr -d ' \n'
security warning: exec() argument contains shell metacharacters: '/root/Dev/nexus/shared/harness/exec_validated' smash 'round=3-r3152003753|millennium-poincare 3-manifold Ricci flow simply connected#iter-nonce=163029807#sr-sigma=0.01-r3330980159' '/root/Dev/nexus/shared/blowup/core/blowup.hexa' 1 2>&1
security warning: exec() argument contains shell metacharacters: '/root/Dev/nexus/shared/harness/exec_validated' smash 'round=3-r3152003753|millennium-poincare 3-manifold Ricci flow simply connected#iter-nonce=163029807#sr-sigma=0.05-r1743971963' '/root/Dev/nexus/shared/blowup/core/blowup.hexa' 1 2>&1
security warning: exec() argument contains shell metacharacters: '/root/Dev/nexus/shared/harness/exec_validated' smash 'round=3-r3152003753|millennium-poincare 3-manifold Ricci flow simply connected#iter-nonce=163029807#sr-sigma=0.10-r1988469511' '/root/Dev/nexus/shared/blowup/core/blowup.hexa' 1 2>&1
security warning: exec() argument contains shell metacharacters: '/root/Dev/nexus/shared/harness/exec_validated' smash 'round=3-r3152003753|millennium-poincare 3-manifold Ricci flow simply connected#iter-nonce=163029807#sr-sigma=0.20-r2976780733' '/root/Dev/nexus/shared/blowup/core/blowup.hexa' 1 2>&1
security warning: exec() argument contains shell metacharacters: '/root/Dev/nexus/shared/harness/exec_validated' smash 'round=3-r3152003753|millennium-poincare 3-manifold Ricci flow simply connected#iter-nonce=163029807#sr-sigma=0.40-r733357651' '/root/Dev/nexus/shared/blowup/core/blowup.hexa' 1 2>&1
  resonance:     +0 absorptions (σ=0.01)
  [resonance] optimal σ=0.01 — bonus +0 absorptions
  ⚠ [replay-warn] round 3 5-stage 수치가 round 1 과 완전 동일 — 엔진 결정성 / salt 미반영 의심
  round +32, total 96
security warning: exec() argument contains shell metacharacters: ps -axo comm 2>/dev/null | grep -c hexa_stage0 || echo 0

═══ round 4 ═══
security warning: exec() argument contains shell metacharacters: head -c 4 /dev/urandom | od -An -vtu4 | tr -d ' \n'
security warning: exec() argument contains shell metacharacters: '/root/Dev/nexus/shared/harness/exec_validated' smash 'round=4-r3106003539|millennium-poincare 3-manifold Ricci flow simply connected#iter-nonce=163029807' '/root/Dev/nexus/shared/blowup/core/blowup.hexa' 3 2>&1
  smash:         +0 absorptions
security warning: exec() argument contains shell metacharacters: '/root/Dev/nexus/shared/harness/exec_validated' free_dfs 'round=4-r3106003539|millennium-poincare 3-manifold Ricci flow simply connected#iter-nonce=163029807' '/root/Dev/nexus/shared/blowup/compose.hexa' --modules all --dfs 3 2>&1
  free:          +0 absorptions
security warning: exec() argument contains shell metacharacters: '/root/Dev/nexus/shared/harness/exec_validated' absolute 'round=4-r3106003539|millennium-poincare 3-manifold Ricci flow simply connected#iter-nonce=163029807' '/root/Dev/nexus/shared/blowup/modules/blowup_absolute.hexa' 2>&1
  absolute:      8 Π₀¹ verifications
security warning: exec() argument contains shell metacharacters: '/root/Dev/nexus/shared/harness/exec_validated' meta_closure 'round=4-r3106003539|millennium-poincare 3-manifold Ricci flow simply connected#iter-nonce=163029807' '/root/Dev/nexus/shared/blowup/modules/blowup_meta_closure.hexa' 2>&1
  meta-closure:  8 self-ref fixed points
security warning: exec() argument contains shell metacharacters: '/root/Dev/nexus/shared/harness/exec_validated' hyperarithmetic 'round=4-r3106003539|millennium-poincare 3-manifold Ricci flow simply connected#iter-nonce=163029807' '/root/Dev/nexus/shared/blowup/modules/blowup_hyperarithmetic.hexa' 2>&1
  hyperarith:    16 Π₀² bounded/proven
security warning: exec() argument contains shell metacharacters: head -c 4 /dev/urandom | od -An -vtu4 | tr -d ' \n'
security warning: exec() argument contains shell metacharacters: head -c 4 /dev/urandom | od -An -vtu4 | tr -d ' \n'
security warning: exec() argument contains shell metacharacters: head -c 4 /dev/urandom | od -An -vtu4 | tr -d ' \n'
security warning: exec() argument contains shell metacharacters: head -c 4 /dev/urandom | od -An -vtu4 | tr -d ' \n'
security warning: exec() argument contains shell metacharacters: head -c 4 /dev/urandom | od -An -vtu4 | tr -d ' \n'
security warning: exec() argument contains shell metacharacters: '/root/Dev/nexus/shared/harness/exec_validated' smash 'round=4-r3106003539|millennium-poincare 3-manifold Ricci flow simply connected#iter-nonce=163029807#sr-sigma=0.01-r1380102196' '/root/Dev/nexus/shared/blowup/core/blowup.hexa' 1 2>&1
security warning: exec() argument contains shell metacharacters: '/root/Dev/nexus/shared/harness/exec_validated' smash 'round=4-r3106003539|millennium-poincare 3-manifold Ricci flow simply connected#iter-nonce=163029807#sr-sigma=0.05-r303716980' '/root/Dev/nexus/shared/blowup/core/blowup.hexa' 1 2>&1
security warning: exec() argument contains shell metacharacters: '/root/Dev/nexus/shared/harness/exec_validated' smash 'round=4-r3106003539|millennium-poincare 3-manifold Ricci flow simply connected#iter-nonce=163029807#sr-sigma=0.10-r1182133176' '/root/Dev/nexus/shared/blowup/core/blowup.hexa' 1 2>&1
security warning: exec() argument contains shell metacharacters: '/root/Dev/nexus/shared/harness/exec_validated' smash 'round=4-r3106003539|millennium-poincare 3-manifold Ricci flow simply connected#iter-nonce=163029807#sr-sigma=0.20-r1252284363' '/root/Dev/nexus/shared/blowup/core/blowup.hexa' 1 2>&1
security warning: exec() argument contains shell metacharacters: '/root/Dev/nexus/shared/harness/exec_validated' smash 'round=4-r3106003539|millennium-poincare 3-manifold Ricci flow simply connected#iter-nonce=163029807#sr-sigma=0.40-r2721380395' '/root/Dev/nexus/shared/blowup/core/blowup.hexa' 1 2>&1
  resonance:     +0 absorptions (σ=0.01)
  [resonance] optimal σ=0.01 — bonus +0 absorptions
  ⚠ [replay-warn] round 4 5-stage 수치가 round 1 과 완전 동일 — 엔진 결정성 / salt 미반영 의심
  round +32, total 128
security warning: exec() argument contains shell metacharacters: ps -axo comm 2>/dev/null | grep -c hexa_stage0 || echo 0

═══ round 5 ═══
security warning: exec() argument contains shell metacharacters: head -c 4 /dev/urandom | od -An -vtu4 | tr -d ' \n'
security warning: exec() argument contains shell metacharacters: '/root/Dev/nexus/shared/harness/exec_validated' smash 'round=5-r115056829|millennium-poincare 3-manifold Ricci flow simply connected#iter-nonce=163029807' '/root/Dev/nexus/shared/blowup/core/blowup.hexa' 3 2>&1
  smash:         +0 absorptions
security warning: exec() argument contains shell metacharacters: '/root/Dev/nexus/shared/harness/exec_validated' free_dfs 'round=5-r115056829|millennium-poincare 3-manifold Ricci flow simply connected#iter-nonce=163029807' '/root/Dev/nexus/shared/blowup/compose.hexa' --modules all --dfs 3 2>&1
  free:          +0 absorptions
security warning: exec() argument contains shell metacharacters: '/root/Dev/nexus/shared/harness/exec_validated' absolute 'round=5-r115056829|millennium-poincare 3-manifold Ricci flow simply connected#iter-nonce=163029807' '/root/Dev/nexus/shared/blowup/modules/blowup_absolute.hexa' 2>&1
  absolute:      8 Π₀¹ verifications
security warning: exec() argument contains shell metacharacters: '/root/Dev/nexus/shared/harness/exec_validated' meta_closure 'round=5-r115056829|millennium-poincare 3-manifold Ricci flow simply connected#iter-nonce=163029807' '/root/Dev/nexus/shared/blowup/modules/blowup_meta_closure.hexa' 2>&1
  meta-closure:  8 self-ref fixed points
security warning: exec() argument contains shell metacharacters: '/root/Dev/nexus/shared/harness/exec_validated' hyperarithmetic 'round=5-r115056829|millennium-poincare 3-manifold Ricci flow simply connected#iter-nonce=163029807' '/root/Dev/nexus/shared/blowup/modules/blowup_hyperarithmetic.hexa' 2>&1
  hyperarith:    16 Π₀² bounded/proven
security warning: exec() argument contains shell metacharacters: head -c 4 /dev/urandom | od -An -vtu4 | tr -d ' \n'
security warning: exec() argument contains shell metacharacters: head -c 4 /dev/urandom | od -An -vtu4 | tr -d ' \n'
security warning: exec() argument contains shell metacharacters: head -c 4 /dev/urandom | od -An -vtu4 | tr -d ' \n'
security warning: exec() argument contains shell metacharacters: head -c 4 /dev/urandom | od -An -vtu4 | tr -d ' \n'
security warning: exec() argument contains shell metacharacters: head -c 4 /dev/urandom | od -An -vtu4 | tr -d ' \n'
security warning: exec() argument contains shell metacharacters: '/root/Dev/nexus/shared/harness/exec_validated' smash 'round=5-r115056829|millennium-poincare 3-manifold Ricci flow simply connected#iter-nonce=163029807#sr-sigma=0.01-r584435506' '/root/Dev/nexus/shared/blowup/core/blowup.hexa' 1 2>&1
security warning: exec() argument contains shell metacharacters: '/root/Dev/nexus/shared/harness/exec_validated' smash 'round=5-r115056829|millennium-poincare 3-manifold Ricci flow simply connected#iter-nonce=163029807#sr-sigma=0.05-r2176497324' '/root/Dev/nexus/shared/blowup/core/blowup.hexa' 1 2>&1
security warning: exec() argument contains shell metacharacters: '/root/Dev/nexus/shared/harness/exec_validated' smash 'round=5-r115056829|millennium-poincare 3-manifold Ricci flow simply connected#iter-nonce=163029807#sr-sigma=0.10-r2960190980' '/root/Dev/nexus/shared/blowup/core/blowup.hexa' 1 2>&1
Killed
PERF: 101 string concatenations detected — likely O(n^2) loop. Use parts.push() + .join() instead.
