# bootstrap K=15 M=20 T=500 DIM=32 start=20260415_195706
  iter 1/15 (0s elapsed)
[interferometer] tag=A M=20 T=500 dim=32
[interferometer] loaded 10640 bytes from /Users/ghost/Dev/nexus/shared/sim_bridge/multiverse/higher_order/sanity/bootstrap/20260415_195706/iter_1/A_seed.txt
  universe 0 done (traj len=500)
  universe 1 done (traj len=500)
  universe 2 done (traj len=500)
  universe 3 done (traj len=500)
  universe 4 done (traj len=500)
  universe 5 done (traj len=500)
  universe 6 done (traj len=500)
  universe 7 done (traj len=500)
  universe 8 done (traj len=500)
  universe 9 done (traj len=500)
  universe 10 done (traj len=500)
  universe 11 done (traj len=500)
  universe 12 done (traj len=500)
  universe 13 done (traj len=500)
  universe 14 done (traj len=500)
  universe 15 done (traj len=500)
  universe 16 done (traj len=500)
  universe 17 done (traj len=500)
  universe 18 done (traj len=500)
  universe 19 done (traj len=500)
[interferometer] done. pairs=190 mi_mean=6 mi_std=3
[interferometer] out: /Users/ghost/Dev/nexus/shared/sim_bridge/multiverse/higher_order/sanity/bootstrap/20260415_195706/iter_1/A[interferometer] tag=B M=20 T=500 dim=32
[interferometer] loaded 10640 bytes from /Users/ghost/Dev/nexus/shared/sim_bridge/multiverse/higher_order/sanity/bootstrap/20260415_195706/iter_1/B_seed.txt
  universe 0 done (traj len=500)
  universe 1 done (traj len=500)
  universe 2 done (traj len=500)
  universe 3 done (traj len=500)
  universe 4 done (traj len=500)
  universe 5 done (traj len=500)
  universe 6 done (traj len=500)
  universe 7 done (traj len=500)
  universe 8 done (traj len=500)
  universe 9 done (traj len=500)
  universe 10 done (traj len=500)
  universe 11 done (traj len=500)
  universe 12 done (traj len=500)
  universe 13 done (traj len=500)
  universe 14 done (traj len=500)
  universe 15 done (traj len=500)
  universe 16 done (traj len=500)
  universe 17 done (traj len=500)
  universe 18 done (traj len=500)
  universe 19 done (traj len=500)
[interferometer] done. pairs=190 mi_mean=6 mi_std=3
[interferometer] out: /Users/ghost/Dev/nexus/shared/sim_bridge/multiverse/higher_order/sanity/bootstrap/20260415_195706/iter_1/B[triple_mi] loaded 20 trajectories from /Users/ghost/Dev/nexus/shared/sim_bridge/multiverse/higher_order/sanity/bootstrap/20260415_195706/iter_1/A/trajectories.jsonl
[triple_mi] wrote 1140 triples to /Users/ghost/Dev/nexus/shared/sim_bridge/multiverse/higher_order/sanity/bootstrap/20260415_195706/iter_1/A/triples.csv[triple_mi] loaded 20 trajectories from /Users/ghost/Dev/nexus/shared/sim_bridge/multiverse/higher_order/sanity/bootstrap/20260415_195706/iter_1/B/trajectories.jsonl
[triple_mi] wrote 1140 triples to /Users/ghost/Dev/nexus/shared/sim_bridge/multiverse/higher_order/sanity/bootstrap/20260415_195706/iter_1/B/triples.csv    D_pair=0.0579  D_tri=0.2105
  iter 2/15 (223s elapsed)
[interferometer] tag=A M=20 T=500 dim=32
[interferometer] loaded 10640 bytes from /Users/ghost/Dev/nexus/shared/sim_bridge/multiverse/higher_order/sanity/bootstrap/20260415_195706/iter_2/A_seed.txt
  universe 0 done (traj len=500)
  universe 1 done (traj len=500)
  universe 2 done (traj len=500)
  universe 3 done (traj len=500)
  universe 4 done (traj len=500)
  universe 5 done (traj len=500)
  universe 6 done (traj len=500)
  universe 7 done (traj len=500)
  universe 8 done (traj len=500)
  universe 9 done (traj len=500)
  universe 10 done (traj len=500)
  universe 11 done (traj len=500)
  universe 12 done (traj len=500)
  universe 13 done (traj len=500)
  universe 14 done (traj len=500)
  universe 15 done (traj len=500)
  universe 16 done (traj len=500)
  universe 17 done (traj len=500)
  universe 18 done (traj len=500)
  universe 19 done (traj len=500)
[interferometer] done. pairs=190 mi_mean=6 mi_std=3
[interferometer] out: /Users/ghost/Dev/nexus/shared/sim_bridge/multiverse/higher_order/sanity/bootstrap/20260415_195706/iter_2/A[interferometer] tag=B M=20 T=500 dim=32
[interferometer] loaded 10640 bytes from /Users/ghost/Dev/nexus/shared/sim_bridge/multiverse/higher_order/sanity/bootstrap/20260415_195706/iter_2/B_seed.txt
  universe 0 done (traj len=500)
  universe 1 done (traj len=500)
  universe 2 done (traj len=500)
  universe 3 done (traj len=500)
  universe 4 done (traj len=500)
  universe 5 done (traj len=500)
  universe 6 done (traj len=500)
  universe 7 done (traj len=500)
  universe 8 done (traj len=500)
  universe 9 done (traj len=500)
  universe 10 done (traj len=500)
  universe 11 done (traj len=500)
  universe 12 done (traj len=500)
  universe 13 done (traj len=500)
  universe 14 done (traj len=500)
  universe 15 done (traj len=500)
  universe 16 done (traj len=500)
  universe 17 done (traj len=500)
  universe 18 done (traj len=500)
  universe 19 done (traj len=500)
[interferometer] done. pairs=190 mi_mean=6 mi_std=3
[interferometer] out: /Users/ghost/Dev/nexus/shared/sim_bridge/multiverse/higher_order/sanity/bootstrap/20260415_195706/iter_2/B[triple_mi] loaded 20 trajectories from /Users/ghost/Dev/nexus/shared/sim_bridge/multiverse/higher_order/sanity/bootstrap/20260415_195706/iter_2/A/trajectories.jsonl
[triple_mi] wrote 1140 triples to /Users/ghost/Dev/nexus/shared/sim_bridge/multiverse/higher_order/sanity/bootstrap/20260415_195706/iter_2/A/triples.csv[triple_mi] loaded 20 trajectories from /Users/ghost/Dev/nexus/shared/sim_bridge/multiverse/higher_order/sanity/bootstrap/20260415_195706/iter_2/B/trajectories.jsonl
[triple_mi] wrote 1140 triples to /Users/ghost/Dev/nexus/shared/sim_bridge/multiverse/higher_order/sanity/bootstrap/20260415_195706/iter_2/B/triples.csv    D_pair=0.1000  D_tri=0.3614
  iter 3/15 (446s elapsed)
[interferometer] tag=A M=20 T=500 dim=32
[interferometer] loaded 10640 bytes from /Users/ghost/Dev/nexus/shared/sim_bridge/multiverse/higher_order/sanity/bootstrap/20260415_195706/iter_3/A_seed.txt
  universe 0 done (traj len=500)
  universe 1 done (traj len=500)
  universe 2 done (traj len=500)
  universe 3 done (traj len=500)
  universe 4 done (traj len=500)
  universe 5 done (traj len=500)
  universe 6 done (traj len=500)
  universe 7 done (traj len=500)
  universe 8 done (traj len=500)
  universe 9 done (traj len=500)
  universe 10 done (traj len=500)
  universe 11 done (traj len=500)
  universe 12 done (traj len=500)
  universe 13 done (traj len=500)
  universe 14 done (traj len=500)
  universe 15 done (traj len=500)
  universe 16 done (traj len=500)
  universe 17 done (traj len=500)
  universe 18 done (traj len=500)
  universe 19 done (traj len=500)
[interferometer] done. pairs=190 mi_mean=5 mi_std=3
[interferometer] out: /Users/ghost/Dev/nexus/shared/sim_bridge/multiverse/higher_order/sanity/bootstrap/20260415_195706/iter_3/A[interferometer] tag=B M=20 T=500 dim=32
[interferometer] loaded 10640 bytes from /Users/ghost/Dev/nexus/shared/sim_bridge/multiverse/higher_order/sanity/bootstrap/20260415_195706/iter_3/B_seed.txt
  universe 0 done (traj len=500)
  universe 1 done (traj len=500)
  universe 2 done (traj len=500)
  universe 3 done (traj len=500)
  universe 4 done (traj len=500)
  universe 5 done (traj len=500)
  universe 6 done (traj len=500)
  universe 7 done (traj len=500)
  universe 8 done (traj len=500)
  universe 9 done (traj len=500)
  universe 10 done (traj len=500)
  universe 11 done (traj len=500)
  universe 12 done (traj len=500)
  universe 13 done (traj len=500)
  universe 14 done (traj len=500)
  universe 15 done (traj len=500)
  universe 16 done (traj len=500)
  universe 17 done (traj len=500)
  universe 18 done (traj len=500)
  universe 19 done (traj len=500)
[interferometer] done. pairs=190 mi_mean=6 mi_std=3
[interferometer] out: /Users/ghost/Dev/nexus/shared/sim_bridge/multiverse/higher_order/sanity/bootstrap/20260415_195706/iter_3/B[triple_mi] loaded 20 trajectories from /Users/ghost/Dev/nexus/shared/sim_bridge/multiverse/higher_order/sanity/bootstrap/20260415_195706/iter_3/A/trajectories.jsonl
[triple_mi] wrote 1140 triples to /Users/ghost/Dev/nexus/shared/sim_bridge/multiverse/higher_order/sanity/bootstrap/20260415_195706/iter_3/A/triples.csv    D_pair=0.1053  D_tri=0.1684
  iter 4/15 (757s elapsed)
[interferometer] tag=A M=20 T=500 dim=32
[interferometer] loaded 10640 bytes from /Users/ghost/Dev/nexus/shared/sim_bridge/multiverse/higher_order/sanity/bootstrap/20260415_195706/iter_4/A_seed.txt
  universe 0 done (traj len=500)
  universe 1 done (traj len=500)
  universe 2 done (traj len=500)
  universe 3 done (traj len=500)
  universe 4 done (traj len=500)
  universe 5 done (traj len=500)
  universe 6 done (traj len=500)
  universe 7 done (traj len=500)
  universe 8 done (traj len=500)
  universe 9 done (traj len=500)
  universe 10 done (traj len=500)
  universe 11 done (traj len=500)
  universe 12 done (traj len=500)
  universe 13 done (traj len=500)
  universe 14 done (traj len=500)
  universe 15 done (traj len=500)
  universe 16 done (traj len=500)
  universe 17 done (traj len=500)
  universe 18 done (traj len=500)
  universe 19 done (traj len=500)
[interferometer] done. pairs=190 mi_mean=6 mi_std=3
[interferometer] out: /Users/ghost/Dev/nexus/shared/sim_bridge/multiverse/higher_order/sanity/bootstrap/20260415_195706/iter_4/A[interferometer] tag=B M=20 T=500 dim=32
[interferometer] loaded 10640 bytes from /Users/ghost/Dev/nexus/shared/sim_bridge/multiverse/higher_order/sanity/bootstrap/20260415_195706/iter_4/B_seed.txt
  universe 0 done (traj len=500)
  universe 1 done (traj len=500)
  universe 2 done (traj len=500)
  universe 3 done (traj len=500)
  universe 4 done (traj len=500)
  universe 5 done (traj len=500)
  universe 6 done (traj len=500)
  universe 7 done (traj len=500)
  universe 8 done (traj len=500)
  universe 9 done (traj len=500)
  universe 10 done (traj len=500)
  universe 11 done (traj len=500)
  universe 12 done (traj len=500)
  universe 13 done (traj len=500)
  universe 14 done (traj len=500)
  universe 15 done (traj len=500)
  universe 16 done (traj len=500)
  universe 17 done (traj len=500)
  universe 18 done (traj len=500)
  universe 19 done (traj len=500)
[interferometer] done. pairs=190 mi_mean=6 mi_std=3
[interferometer] out: /Users/ghost/Dev/nexus/shared/sim_bridge/multiverse/higher_order/sanity/bootstrap/20260415_195706/iter_4/B[triple_mi] loaded 20 trajectories from /Users/ghost/Dev/nexus/shared/sim_bridge/multiverse/higher_order/sanity/bootstrap/20260415_195706/iter_4/A/trajectories.jsonl
[triple_mi] wrote 1140 triples to /Users/ghost/Dev/nexus/shared/sim_bridge/multiverse/higher_order/sanity/bootstrap/20260415_195706/iter_4/A/triples.csv[triple_mi] loaded 20 trajectories from /Users/ghost/Dev/nexus/shared/sim_bridge/multiverse/higher_order/sanity/bootstrap/20260415_195706/iter_4/B/trajectories.jsonl
[triple_mi] wrote 1140 triples to /Users/ghost/Dev/nexus/shared/sim_bridge/multiverse/higher_order/sanity/bootstrap/20260415_195706/iter_4/B/triples.csv    D_pair=0.0789  D_tri=0.3167
  iter 5/15 (1137s elapsed)
[interferometer] tag=A M=20 T=500 dim=32
[interferometer] loaded 10640 bytes from /Users/ghost/Dev/nexus/shared/sim_bridge/multiverse/higher_order/sanity/bootstrap/20260415_195706/iter_5/A_seed.txt
  universe 0 done (traj len=500)
  universe 1 done (traj len=500)
  universe 2 done (traj len=500)
  universe 3 done (traj len=500)
  universe 4 done (traj len=500)
  universe 5 done (traj len=500)
  universe 6 done (traj len=500)
  universe 7 done (traj len=500)
  universe 8 done (traj len=500)
  universe 9 done (traj len=500)
  universe 10 done (traj len=500)
  universe 11 done (traj len=500)
  universe 12 done (traj len=500)
  universe 13 done (traj len=500)
  universe 14 done (traj len=500)
  universe 15 done (traj len=500)
  universe 16 done (traj len=500)
  universe 17 done (traj len=500)
  universe 18 done (traj len=500)
  universe 19 done (traj len=500)
[interferometer] done. pairs=190 mi_mean=6 mi_std=3
[interferometer] out: /Users/ghost/Dev/nexus/shared/sim_bridge/multiverse/higher_order/sanity/bootstrap/20260415_195706/iter_5/A[interferometer] tag=B M=20 T=500 dim=32
[interferometer] loaded 10640 bytes from /Users/ghost/Dev/nexus/shared/sim_bridge/multiverse/higher_order/sanity/bootstrap/20260415_195706/iter_5/B_seed.txt
  universe 0 done (traj len=500)
  universe 1 done (traj len=500)
  universe 2 done (traj len=500)
  universe 3 done (traj len=500)
  universe 4 done (traj len=500)
  universe 5 done (traj len=500)
  universe 6 done (traj len=500)
  universe 7 done (traj len=500)
  universe 8 done (traj len=500)
  universe 9 done (traj len=500)
  universe 10 done (traj len=500)
  universe 11 done (traj len=500)
  universe 12 done (traj len=500)
  universe 13 done (traj len=500)
  universe 14 done (traj len=500)
  universe 15 done (traj len=500)
  universe 16 done (traj len=500)
  universe 17 done (traj len=500)
  universe 18 done (traj len=500)
  universe 19 done (traj len=500)
[interferometer] done. pairs=190 mi_mean=6 mi_std=3
[interferometer] out: /Users/ghost/Dev/nexus/shared/sim_bridge/multiverse/higher_order/sanity/bootstrap/20260415_195706/iter_5/B[triple_mi] loaded 20 trajectories from /Users/ghost/Dev/nexus/shared/sim_bridge/multiverse/higher_order/sanity/bootstrap/20260415_195706/iter_5/A/trajectories.jsonl
[triple_mi] wrote 1140 triples to /Users/ghost/Dev/nexus/shared/sim_bridge/multiverse/higher_order/sanity/bootstrap/20260415_195706/iter_5/A/triples.csv[triple_mi] loaded 20 trajectories from /Users/ghost/Dev/nexus/shared/sim_bridge/multiverse/higher_order/sanity/bootstrap/20260415_195706/iter_5/B/trajectories.jsonl
[triple_mi] wrote 1140 triples to /Users/ghost/Dev/nexus/shared/sim_bridge/multiverse/higher_order/sanity/bootstrap/20260415_195706/iter_5/B/triples.csv    D_pair=0.0789  D_tri=0.1044
  iter 6/15 (1568s elapsed)
[interferometer] tag=B M=20 T=500 dim=32
[interferometer] loaded 10640 bytes from /Users/ghost/Dev/nexus/shared/sim_bridge/multiverse/higher_order/sanity/bootstrap/20260415_195706/iter_6/B_seed.txt
  universe 0 done (traj len=500)
  universe 1 done (traj len=500)
  universe 2 done (traj len=500)
  universe 3 done (traj len=500)
  universe 4 done (traj len=500)
  universe 5 done (traj len=500)
  universe 6 done (traj len=500)
  universe 7 done (traj len=500)
  universe 8 done (traj len=500)
  universe 9 done (traj len=500)
  universe 10 done (traj len=500)
  universe 11 done (traj len=500)
  universe 12 done (traj len=500)
  universe 13 done (traj len=500)
  universe 14 done (traj len=500)
  universe 15 done (traj len=500)
  universe 16 done (traj len=500)
  universe 17 done (traj len=500)
  universe 18 done (traj len=500)
  universe 19 done (traj len=500)
[interferometer] done. pairs=190 mi_mean=6 mi_std=3
[interferometer] out: /Users/ghost/Dev/nexus/shared/sim_bridge/multiverse/higher_order/sanity/bootstrap/20260415_195706/iter_6/B[triple_mi] loaded 0 trajectories from /Users/ghost/Dev/nexus/shared/sim_bridge/multiverse/higher_order/sanity/bootstrap/20260415_195706/iter_6/A/trajectories.jsonl
[triple_mi] ERROR: need >= 3 universes, got 0[triple_mi] loaded 20 trajectories from /Users/ghost/Dev/nexus/shared/sim_bridge/multiverse/higher_order/sanity/bootstrap/20260415_195706/iter_6/B/trajectories.jsonl
[triple_mi] wrote 1140 triples to /Users/ghost/Dev/nexus/shared/sim_bridge/multiverse/higher_order/sanity/bootstrap/20260415_195706/iter_6/B/triples.csv    D_pair=NaN  D_tri=NaN
  iter 7/15 (1913s elapsed)
[interferometer] tag=A M=20 T=500 dim=32
[interferometer] loaded 10640 bytes from /Users/ghost/Dev/nexus/shared/sim_bridge/multiverse/higher_order/sanity/bootstrap/20260415_195706/iter_7/A_seed.txt
  universe 0 done (traj len=500)
  universe 1 done (traj len=500)
  universe 2 done (traj len=500)
  universe 3 done (traj len=500)
  universe 4 done (traj len=500)
  universe 5 done (traj len=500)
  universe 6 done (traj len=500)
  universe 7 done (traj len=500)
  universe 8 done (traj len=500)
  universe 9 done (traj len=500)
  universe 10 done (traj len=500)
  universe 11 done (traj len=500)
  universe 12 done (traj len=500)
  universe 13 done (traj len=500)
  universe 14 done (traj len=500)
  universe 15 done (traj len=500)
  universe 16 done (traj len=500)
  universe 17 done (traj len=500)
  universe 18 done (traj len=500)
  universe 19 done (traj len=500)
[interferometer] done. pairs=190 mi_mean=5 mi_std=3
[interferometer] out: /Users/ghost/Dev/nexus/shared/sim_bridge/multiverse/higher_order/sanity/bootstrap/20260415_195706/iter_7/A[interferometer] tag=B M=20 T=500 dim=32
[interferometer] loaded 10640 bytes from /Users/ghost/Dev/nexus/shared/sim_bridge/multiverse/higher_order/sanity/bootstrap/20260415_195706/iter_7/B_seed.txt
  universe 0 done (traj len=500)
  universe 1 done (traj len=500)
  universe 2 done (traj len=500)
  universe 3 done (traj len=500)
  universe 4 done (traj len=500)
  universe 5 done (traj len=500)
  universe 6 done (traj len=500)
  universe 7 done (traj len=500)
  universe 8 done (traj len=500)
  universe 9 done (traj len=500)
  universe 10 done (traj len=500)
  universe 11 done (traj len=500)
  universe 12 done (traj len=500)
  universe 13 done (traj len=500)
  universe 14 done (traj len=500)
  universe 15 done (traj len=500)
  universe 16 done (traj len=500)
  universe 17 done (traj len=500)
  universe 18 done (traj len=500)
  universe 19 done (traj len=500)
[interferometer] done. pairs=190 mi_mean=6 mi_std=3
[interferometer] out: /Users/ghost/Dev/nexus/shared/sim_bridge/multiverse/higher_order/sanity/bootstrap/20260415_195706/iter_7/B[triple_mi] loaded 20 trajectories from /Users/ghost/Dev/nexus/shared/sim_bridge/multiverse/higher_order/sanity/bootstrap/20260415_195706/iter_7/A/trajectories.jsonl
[triple_mi] wrote 1140 triples to /Users/ghost/Dev/nexus/shared/sim_bridge/multiverse/higher_order/sanity/bootstrap/20260415_195706/iter_7/A/triples.csv[triple_mi] loaded 20 trajectories from /Users/ghost/Dev/nexus/shared/sim_bridge/multiverse/higher_order/sanity/bootstrap/20260415_195706/iter_7/B/trajectories.jsonl
[triple_mi] wrote 1140 triples to /Users/ghost/Dev/nexus/shared/sim_bridge/multiverse/higher_order/sanity/bootstrap/20260415_195706/iter_7/B/triples.csv    D_pair=0.0947  D_tri=0.4114
  iter 8/15 (2303s elapsed)
[interferometer] tag=A M=20 T=500 dim=32
[interferometer] loaded 10640 bytes from /Users/ghost/Dev/nexus/shared/sim_bridge/multiverse/higher_order/sanity/bootstrap/20260415_195706/iter_8/A_seed.txt
  universe 0 done (traj len=500)
  universe 1 done (traj len=500)
  universe 2 done (traj len=500)
  universe 3 done (traj len=500)
  universe 4 done (traj len=500)
  universe 5 done (traj len=500)
  universe 6 done (traj len=500)
  universe 7 done (traj len=500)
  universe 8 done (traj len=500)
  universe 9 done (traj len=500)
  universe 10 done (traj len=500)
  universe 11 done (traj len=500)
  universe 12 done (traj len=500)
  universe 13 done (traj len=500)
  universe 14 done (traj len=500)
  universe 15 done (traj len=500)
  universe 16 done (traj len=500)
  universe 17 done (traj len=500)
  universe 18 done (traj len=500)
  universe 19 done (traj len=500)
[interferometer] done. pairs=190 mi_mean=6 mi_std=3
[interferometer] out: /Users/ghost/Dev/nexus/shared/sim_bridge/multiverse/higher_order/sanity/bootstrap/20260415_195706/iter_8/A[interferometer] tag=B M=20 T=500 dim=32
[interferometer] loaded 10640 bytes from /Users/ghost/Dev/nexus/shared/sim_bridge/multiverse/higher_order/sanity/bootstrap/20260415_195706/iter_8/B_seed.txt
  universe 0 done (traj len=500)
  universe 1 done (traj len=500)
  universe 2 done (traj len=500)
  universe 3 done (traj len=500)
  universe 4 done (traj len=500)
  universe 5 done (traj len=500)
  universe 6 done (traj len=500)
  universe 7 done (traj len=500)
  universe 8 done (traj len=500)
  universe 9 done (traj len=500)
  universe 10 done (traj len=500)
  universe 11 done (traj len=500)
  universe 12 done (traj len=500)
  universe 13 done (traj len=500)
  universe 14 done (traj len=500)
  universe 15 done (traj len=500)
  universe 16 done (traj len=500)
  universe 17 done (traj len=500)
  universe 18 done (traj len=500)
  universe 19 done (traj len=500)
[interferometer] done. pairs=190 mi_mean=5 mi_std=3
[interferometer] out: /Users/ghost/Dev/nexus/shared/sim_bridge/multiverse/higher_order/sanity/bootstrap/20260415_195706/iter_8/B[triple_mi] loaded 20 trajectories from /Users/ghost/Dev/nexus/shared/sim_bridge/multiverse/higher_order/sanity/bootstrap/20260415_195706/iter_8/A/trajectories.jsonl
[triple_mi] wrote 1140 triples to /Users/ghost/Dev/nexus/shared/sim_bridge/multiverse/higher_order/sanity/bootstrap/20260415_195706/iter_8/A/triples.csv[triple_mi] loaded 20 trajectories from /Users/ghost/Dev/nexus/shared/sim_bridge/multiverse/higher_order/sanity/bootstrap/20260415_195706/iter_8/B/trajectories.jsonl
[triple_mi] wrote 1140 triples to /Users/ghost/Dev/nexus/shared/sim_bridge/multiverse/higher_order/sanity/bootstrap/20260415_195706/iter_8/B/triples.csv    D_pair=0.0789  D_tri=0.1781
  iter 9/15 (2662s elapsed)
[interferometer] tag=A M=20 T=500 dim=32
[interferometer] loaded 10640 bytes from /Users/ghost/Dev/nexus/shared/sim_bridge/multiverse/higher_order/sanity/bootstrap/20260415_195706/iter_9/A_seed.txt
  universe 0 done (traj len=500)
  universe 1 done (traj len=500)
  universe 2 done (traj len=500)
  universe 3 done (traj len=500)
  universe 4 done (traj len=500)
  universe 5 done (traj len=500)
  universe 6 done (traj len=500)
  universe 7 done (traj len=500)
  universe 8 done (traj len=500)
  universe 9 done (traj len=500)
  universe 10 done (traj len=500)
  universe 11 done (traj len=500)
  universe 12 done (traj len=500)
  universe 13 done (traj len=500)
  universe 14 done (traj len=500)
  universe 15 done (traj len=500)
  universe 16 done (traj len=500)
  universe 17 done (traj len=500)
  universe 18 done (traj len=500)
  universe 19 done (traj len=500)
[interferometer] done. pairs=190 mi_mean=6 mi_std=3
[interferometer] out: /Users/ghost/Dev/nexus/shared/sim_bridge/multiverse/higher_order/sanity/bootstrap/20260415_195706/iter_9/A[interferometer] tag=B M=20 T=500 dim=32
[interferometer] loaded 10640 bytes from /Users/ghost/Dev/nexus/shared/sim_bridge/multiverse/higher_order/sanity/bootstrap/20260415_195706/iter_9/B_seed.txt
  universe 0 done (traj len=500)
  universe 1 done (traj len=500)
  universe 2 done (traj len=500)
  universe 3 done (traj len=500)
  universe 4 done (traj len=500)
  universe 5 done (traj len=500)
  universe 6 done (traj len=500)
  universe 7 done (traj len=500)
  universe 8 done (traj len=500)
  universe 9 done (traj len=500)
  universe 10 done (traj len=500)
  universe 11 done (traj len=500)
  universe 12 done (traj len=500)
  universe 13 done (traj len=500)
  universe 14 done (traj len=500)
  universe 15 done (traj len=500)
  universe 16 done (traj len=500)
  universe 17 done (traj len=500)
  universe 18 done (traj len=500)
  universe 19 done (traj len=500)
[interferometer] done. pairs=190 mi_mean=6 mi_std=3
[interferometer] out: /Users/ghost/Dev/nexus/shared/sim_bridge/multiverse/higher_order/sanity/bootstrap/20260415_195706/iter_9/B[triple_mi] loaded 20 trajectories from /Users/ghost/Dev/nexus/shared/sim_bridge/multiverse/higher_order/sanity/bootstrap/20260415_195706/iter_9/A/trajectories.jsonl
[triple_mi] wrote 1140 triples to /Users/ghost/Dev/nexus/shared/sim_bridge/multiverse/higher_order/sanity/bootstrap/20260415_195706/iter_9/A/triples.csv[triple_mi] loaded 20 trajectories from /Users/ghost/Dev/nexus/shared/sim_bridge/multiverse/higher_order/sanity/bootstrap/20260415_195706/iter_9/B/trajectories.jsonl
[triple_mi] wrote 1140 triples to /Users/ghost/Dev/nexus/shared/sim_bridge/multiverse/higher_order/sanity/bootstrap/20260415_195706/iter_9/B/triples.csv    D_pair=0.0474  D_tri=0.0544
  iter 10/15 (3007s elapsed)
[interferometer] tag=A M=20 T=500 dim=32
[interferometer] loaded 10640 bytes from /Users/ghost/Dev/nexus/shared/sim_bridge/multiverse/higher_order/sanity/bootstrap/20260415_195706/iter_10/A_seed.txt
  universe 0 done (traj len=500)
  universe 1 done (traj len=500)
  universe 2 done (traj len=500)
  universe 3 done (traj len=500)
  universe 4 done (traj len=500)
  universe 5 done (traj len=500)
  universe 6 done (traj len=500)
  universe 7 done (traj len=500)
  universe 8 done (traj len=500)
  universe 9 done (traj len=500)
  universe 10 done (traj len=500)
  universe 11 done (traj len=500)
  universe 12 done (traj len=500)
  universe 13 done (traj len=500)
  universe 14 done (traj len=500)
  universe 15 done (traj len=500)
  universe 16 done (traj len=500)
  universe 17 done (traj len=500)
  universe 18 done (traj len=500)
  universe 19 done (traj len=500)
[interferometer] done. pairs=190 mi_mean=6 mi_std=3
[interferometer] out: /Users/ghost/Dev/nexus/shared/sim_bridge/multiverse/higher_order/sanity/bootstrap/20260415_195706/iter_10/A[interferometer] tag=B M=20 T=500 dim=32
[interferometer] loaded 10640 bytes from /Users/ghost/Dev/nexus/shared/sim_bridge/multiverse/higher_order/sanity/bootstrap/20260415_195706/iter_10/B_seed.txt
  universe 0 done (traj len=500)
  universe 1 done (traj len=500)
  universe 2 done (traj len=500)
  universe 3 done (traj len=500)
  universe 4 done (traj len=500)
  universe 5 done (traj len=500)
  universe 6 done (traj len=500)
  universe 7 done (traj len=500)
  universe 8 done (traj len=500)
  universe 9 done (traj len=500)
  universe 10 done (traj len=500)
  universe 11 done (traj len=500)
  universe 12 done (traj len=500)
  universe 13 done (traj len=500)
  universe 14 done (traj len=500)
  universe 15 done (traj len=500)
  universe 16 done (traj len=500)
  universe 17 done (traj len=500)
  universe 18 done (traj len=500)
  universe 19 done (traj len=500)
[interferometer] done. pairs=190 mi_mean=6 mi_std=3
[interferometer] out: /Users/ghost/Dev/nexus/shared/sim_bridge/multiverse/higher_order/sanity/bootstrap/20260415_195706/iter_10/B[triple_mi] loaded 20 trajectories from /Users/ghost/Dev/nexus/shared/sim_bridge/multiverse/higher_order/sanity/bootstrap/20260415_195706/iter_10/A/trajectories.jsonl
[triple_mi] wrote 1140 triples to /Users/ghost/Dev/nexus/shared/sim_bridge/multiverse/higher_order/sanity/bootstrap/20260415_195706/iter_10/A/triples.csv[triple_mi] loaded 20 trajectories from /Users/ghost/Dev/nexus/shared/sim_bridge/multiverse/higher_order/sanity/bootstrap/20260415_195706/iter_10/B/trajectories.jsonl
[triple_mi] wrote 1140 triples to /Users/ghost/Dev/nexus/shared/sim_bridge/multiverse/higher_order/sanity/bootstrap/20260415_195706/iter_10/B/triples.csv    D_pair=0.0789  D_tri=0.2158
  iter 11/15 (3358s elapsed)
[interferometer] tag=A M=20 T=500 dim=32
[interferometer] loaded 10640 bytes from /Users/ghost/Dev/nexus/shared/sim_bridge/multiverse/higher_order/sanity/bootstrap/20260415_195706/iter_11/A_seed.txt
  universe 0 done (traj len=500)
  universe 1 done (traj len=500)
  universe 2 done (traj len=500)
  universe 3 done (traj len=500)
  universe 4 done (traj len=500)
  universe 5 done (traj len=500)
  universe 6 done (traj len=500)
  universe 7 done (traj len=500)
  universe 8 done (traj len=500)
  universe 9 done (traj len=500)
  universe 10 done (traj len=500)
  universe 11 done (traj len=500)
  universe 12 done (traj len=500)
  universe 13 done (traj len=500)
  universe 14 done (traj len=500)
  universe 15 done (traj len=500)
  universe 16 done (traj len=500)
  universe 17 done (traj len=500)
  universe 18 done (traj len=500)
  universe 19 done (traj len=500)
[interferometer] done. pairs=190 mi_mean=6 mi_std=3
[interferometer] out: /Users/ghost/Dev/nexus/shared/sim_bridge/multiverse/higher_order/sanity/bootstrap/20260415_195706/iter_11/A[interferometer] tag=B M=20 T=500 dim=32
[interferometer] loaded 10640 bytes from /Users/ghost/Dev/nexus/shared/sim_bridge/multiverse/higher_order/sanity/bootstrap/20260415_195706/iter_11/B_seed.txt
  universe 0 done (traj len=500)
  universe 1 done (traj len=500)
  universe 2 done (traj len=500)
  universe 3 done (traj len=500)
  universe 4 done (traj len=500)
  universe 5 done (traj len=500)
  universe 6 done (traj len=500)
  universe 7 done (traj len=500)
  universe 8 done (traj len=500)
  universe 9 done (traj len=500)
  universe 10 done (traj len=500)
  universe 11 done (traj len=500)
  universe 12 done (traj len=500)
  universe 13 done (traj len=500)
  universe 14 done (traj len=500)
  universe 15 done (traj len=500)
  universe 16 done (traj len=500)
  universe 17 done (traj len=500)
  universe 18 done (traj len=500)
  universe 19 done (traj len=500)
[interferometer] done. pairs=190 mi_mean=6 mi_std=3
[interferometer] out: /Users/ghost/Dev/nexus/shared/sim_bridge/multiverse/higher_order/sanity/bootstrap/20260415_195706/iter_11/B[triple_mi] loaded 20 trajectories from /Users/ghost/Dev/nexus/shared/sim_bridge/multiverse/higher_order/sanity/bootstrap/20260415_195706/iter_11/A/trajectories.jsonl
[triple_mi] wrote 1140 triples to /Users/ghost/Dev/nexus/shared/sim_bridge/multiverse/higher_order/sanity/bootstrap/20260415_195706/iter_11/A/triples.csv[triple_mi] loaded 20 trajectories from /Users/ghost/Dev/nexus/shared/sim_bridge/multiverse/higher_order/sanity/bootstrap/20260415_195706/iter_11/B/trajectories.jsonl
[triple_mi] wrote 1140 triples to /Users/ghost/Dev/nexus/shared/sim_bridge/multiverse/higher_order/sanity/bootstrap/20260415_195706/iter_11/B/triples.csv    D_pair=0.0789  D_tri=0.0754
  iter 12/15 (3741s elapsed)
[interferometer] tag=A M=20 T=500 dim=32
[interferometer] loaded 10640 bytes from /Users/ghost/Dev/nexus/shared/sim_bridge/multiverse/higher_order/sanity/bootstrap/20260415_195706/iter_12/A_seed.txt
  universe 0 done (traj len=500)
  universe 1 done (traj len=500)
  universe 2 done (traj len=500)
  universe 3 done (traj len=500)
  universe 4 done (traj len=500)
  universe 5 done (traj len=500)
  universe 6 done (traj len=500)
  universe 7 done (traj len=500)
  universe 8 done (traj len=500)
  universe 9 done (traj len=500)
  universe 10 done (traj len=500)
  universe 11 done (traj len=500)
  universe 12 done (traj len=500)
  universe 13 done (traj len=500)
  universe 14 done (traj len=500)
  universe 15 done (traj len=500)
  universe 16 done (traj len=500)
  universe 17 done (traj len=500)
  universe 18 done (traj len=500)
  universe 19 done (traj len=500)
[interferometer] done. pairs=190 mi_mean=6 mi_std=4
[interferometer] out: /Users/ghost/Dev/nexus/shared/sim_bridge/multiverse/higher_order/sanity/bootstrap/20260415_195706/iter_12/A[interferometer] tag=B M=20 T=500 dim=32
[interferometer] loaded 10640 bytes from /Users/ghost/Dev/nexus/shared/sim_bridge/multiverse/higher_order/sanity/bootstrap/20260415_195706/iter_12/B_seed.txt
  universe 0 done (traj len=500)
  universe 1 done (traj len=500)
  universe 2 done (traj len=500)
  universe 3 done (traj len=500)
  universe 4 done (traj len=500)
  universe 5 done (traj len=500)
  universe 6 done (traj len=500)
  universe 7 done (traj len=500)
  universe 8 done (traj len=500)
  universe 9 done (traj len=500)
  universe 10 done (traj len=500)
  universe 11 done (traj len=500)
  universe 12 done (traj len=500)
  universe 13 done (traj len=500)
  universe 14 done (traj len=500)
  universe 15 done (traj len=500)
  universe 16 done (traj len=500)
  universe 17 done (traj len=500)
  universe 18 done (traj len=500)
  universe 19 done (traj len=500)
[interferometer] done. pairs=190 mi_mean=6 mi_std=3
[interferometer] out: /Users/ghost/Dev/nexus/shared/sim_bridge/multiverse/higher_order/sanity/bootstrap/20260415_195706/iter_12/B[triple_mi] loaded 20 trajectories from /Users/ghost/Dev/nexus/shared/sim_bridge/multiverse/higher_order/sanity/bootstrap/20260415_195706/iter_12/A/trajectories.jsonl
[triple_mi] wrote 1140 triples to /Users/ghost/Dev/nexus/shared/sim_bridge/multiverse/higher_order/sanity/bootstrap/20260415_195706/iter_12/A/triples.csv[triple_mi] loaded 20 trajectories from /Users/ghost/Dev/nexus/shared/sim_bridge/multiverse/higher_order/sanity/bootstrap/20260415_195706/iter_12/B/trajectories.jsonl
[triple_mi] wrote 1140 triples to /Users/ghost/Dev/nexus/shared/sim_bridge/multiverse/higher_order/sanity/bootstrap/20260415_195706/iter_12/B/triples.csv    D_pair=0.0316  D_tri=0.2035
  iter 13/15 (5344s elapsed)
[interferometer] tag=A M=20 T=500 dim=32
[interferometer] loaded 10640 bytes from /Users/ghost/Dev/nexus/shared/sim_bridge/multiverse/higher_order/sanity/bootstrap/20260415_195706/iter_13/A_seed.txt
  universe 0 done (traj len=500)
  universe 1 done (traj len=500)
  universe 2 done (traj len=500)
  universe 3 done (traj len=500)
  universe 4 done (traj len=500)
  universe 5 done (traj len=500)
  universe 6 done (traj len=500)
  universe 7 done (traj len=500)
  universe 8 done (traj len=500)
  universe 9 done (traj len=500)
  universe 10 done (traj len=500)
  universe 11 done (traj len=500)
  universe 12 done (traj len=500)
  universe 13 done (traj len=500)
  universe 14 done (traj len=500)
  universe 15 done (traj len=500)
  universe 16 done (traj len=500)
  universe 17 done (traj len=500)
  universe 18 done (traj len=500)
  universe 19 done (traj len=500)
[interferometer] done. pairs=190 mi_mean=6 mi_std=3
[interferometer] out: /Users/ghost/Dev/nexus/shared/sim_bridge/multiverse/higher_order/sanity/bootstrap/20260415_195706/iter_13/A[interferometer] tag=B M=20 T=500 dim=32
[interferometer] loaded 10640 bytes from /Users/ghost/Dev/nexus/shared/sim_bridge/multiverse/higher_order/sanity/bootstrap/20260415_195706/iter_13/B_seed.txt
  universe 0 done (traj len=500)
  universe 1 done (traj len=500)
  universe 2 done (traj len=500)
  universe 3 done (traj len=500)
  universe 4 done (traj len=500)
  universe 5 done (traj len=500)
  universe 6 done (traj len=500)
  universe 7 done (traj len=500)
  universe 8 done (traj len=500)
  universe 9 done (traj len=500)
  universe 10 done (traj len=500)
  universe 11 done (traj len=500)
  universe 12 done (traj len=500)
  universe 13 done (traj len=500)
  universe 14 done (traj len=500)
  universe 15 done (traj len=500)
  universe 16 done (traj len=500)
  universe 17 done (traj len=500)
  universe 18 done (traj len=500)
  universe 19 done (traj len=500)
[interferometer] done. pairs=190 mi_mean=6 mi_std=3
[interferometer] out: /Users/ghost/Dev/nexus/shared/sim_bridge/multiverse/higher_order/sanity/bootstrap/20260415_195706/iter_13/B[triple_mi] loaded 20 trajectories from /Users/ghost/Dev/nexus/shared/sim_bridge/multiverse/higher_order/sanity/bootstrap/20260415_195706/iter_13/A/trajectories.jsonl
[triple_mi] wrote 1140 triples to /Users/ghost/Dev/nexus/shared/sim_bridge/multiverse/higher_order/sanity/bootstrap/20260415_195706/iter_13/A/triples.csv[triple_mi] loaded 20 trajectories from /Users/ghost/Dev/nexus/shared/sim_bridge/multiverse/higher_order/sanity/bootstrap/20260415_195706/iter_13/B/trajectories.jsonl
[triple_mi] wrote 1140 triples to /Users/ghost/Dev/nexus/shared/sim_bridge/multiverse/higher_order/sanity/bootstrap/20260415_195706/iter_13/B/triples.csv    D_pair=0.0684  D_tri=0.1789
  iter 14/15 (5874s elapsed)
[interferometer] tag=A M=20 T=500 dim=32
[interferometer] loaded 10640 bytes from /Users/ghost/Dev/nexus/shared/sim_bridge/multiverse/higher_order/sanity/bootstrap/20260415_195706/iter_14/A_seed.txt
  universe 0 done (traj len=500)
  universe 1 done (traj len=500)
  universe 2 done (traj len=500)
  universe 3 done (traj len=500)
  universe 4 done (traj len=500)
  universe 5 done (traj len=500)
  universe 6 done (traj len=500)
  universe 7 done (traj len=500)
  universe 8 done (traj len=500)
  universe 9 done (traj len=500)
  universe 10 done (traj len=500)
  universe 11 done (traj len=500)
  universe 12 done (traj len=500)
  universe 13 done (traj len=500)
  universe 14 done (traj len=500)
  universe 15 done (traj len=500)
  universe 16 done (traj len=500)
  universe 17 done (traj len=500)
  universe 18 done (traj len=500)
  universe 19 done (traj len=500)
[interferometer] done. pairs=190 mi_mean=6 mi_std=3
[interferometer] out: /Users/ghost/Dev/nexus/shared/sim_bridge/multiverse/higher_order/sanity/bootstrap/20260415_195706/iter_14/A[interferometer] tag=B M=20 T=500 dim=32
[interferometer] loaded 10640 bytes from /Users/ghost/Dev/nexus/shared/sim_bridge/multiverse/higher_order/sanity/bootstrap/20260415_195706/iter_14/B_seed.txt
  universe 0 done (traj len=500)
  universe 1 done (traj len=500)
  universe 2 done (traj len=500)
  universe 3 done (traj len=500)
  universe 4 done (traj len=500)
  universe 5 done (traj len=500)
  universe 6 done (traj len=500)
  universe 7 done (traj len=500)
  universe 8 done (traj len=500)
  universe 9 done (traj len=500)
  universe 10 done (traj len=500)
  universe 11 done (traj len=500)
  universe 12 done (traj len=500)
  universe 13 done (traj len=500)
  universe 14 done (traj len=500)
  universe 15 done (traj len=500)
  universe 16 done (traj len=500)
  universe 17 done (traj len=500)
  universe 18 done (traj len=500)
  universe 19 done (traj len=500)
[interferometer] done. pairs=190 mi_mean=5 mi_std=3
[interferometer] out: /Users/ghost/Dev/nexus/shared/sim_bridge/multiverse/higher_order/sanity/bootstrap/20260415_195706/iter_14/B[triple_mi] loaded 20 trajectories from /Users/ghost/Dev/nexus/shared/sim_bridge/multiverse/higher_order/sanity/bootstrap/20260415_195706/iter_14/A/trajectories.jsonl
[triple_mi] wrote 1140 triples to /Users/ghost/Dev/nexus/shared/sim_bridge/multiverse/higher_order/sanity/bootstrap/20260415_195706/iter_14/A/triples.csv[triple_mi] loaded 20 trajectories from /Users/ghost/Dev/nexus/shared/sim_bridge/multiverse/higher_order/sanity/bootstrap/20260415_195706/iter_14/B/trajectories.jsonl
[triple_mi] wrote 1140 triples to /Users/ghost/Dev/nexus/shared/sim_bridge/multiverse/higher_order/sanity/bootstrap/20260415_195706/iter_14/B/triples.csv    D_pair=0.0684  D_tri=0.1868
  iter 15/15 (6105s elapsed)
[interferometer] tag=A M=20 T=500 dim=32
[interferometer] loaded 10640 bytes from /Users/ghost/Dev/nexus/shared/sim_bridge/multiverse/higher_order/sanity/bootstrap/20260415_195706/iter_15/A_seed.txt
  universe 0 done (traj len=500)
  universe 1 done (traj len=500)
  universe 2 done (traj len=500)
  universe 3 done (traj len=500)
  universe 4 done (traj len=500)
  universe 5 done (traj len=500)
  universe 6 done (traj len=500)
  universe 7 done (traj len=500)
  universe 8 done (traj len=500)
  universe 9 done (traj len=500)
  universe 10 done (traj len=500)
  universe 11 done (traj len=500)
  universe 12 done (traj len=500)
  universe 13 done (traj len=500)
  universe 14 done (traj len=500)
  universe 15 done (traj len=500)
  universe 16 done (traj len=500)
  universe 17 done (traj len=500)
  universe 18 done (traj len=500)
  universe 19 done (traj len=500)
[interferometer] done. pairs=190 mi_mean=6 mi_std=3
[interferometer] out: /Users/ghost/Dev/nexus/shared/sim_bridge/multiverse/higher_order/sanity/bootstrap/20260415_195706/iter_15/A[interferometer] tag=B M=20 T=500 dim=32
[interferometer] loaded 10640 bytes from /Users/ghost/Dev/nexus/shared/sim_bridge/multiverse/higher_order/sanity/bootstrap/20260415_195706/iter_15/B_seed.txt
  universe 0 done (traj len=500)
  universe 1 done (traj len=500)
  universe 2 done (traj len=500)
  universe 3 done (traj len=500)
  universe 4 done (traj len=500)
  universe 5 done (traj len=500)
  universe 6 done (traj len=500)
  universe 7 done (traj len=500)
  universe 8 done (traj len=500)
  universe 9 done (traj len=500)
  universe 10 done (traj len=500)
  universe 11 done (traj len=500)
  universe 12 done (traj len=500)
  universe 13 done (traj len=500)
  universe 14 done (traj len=500)
  universe 15 done (traj len=500)
  universe 16 done (traj len=500)
  universe 17 done (traj len=500)
  universe 18 done (traj len=500)
  universe 19 done (traj len=500)
[interferometer] done. pairs=190 mi_mean=5 mi_std=3
[interferometer] out: /Users/ghost/Dev/nexus/shared/sim_bridge/multiverse/higher_order/sanity/bootstrap/20260415_195706/iter_15/B[triple_mi] loaded 20 trajectories from /Users/ghost/Dev/nexus/shared/sim_bridge/multiverse/higher_order/sanity/bootstrap/20260415_195706/iter_15/A/trajectories.jsonl
[triple_mi] wrote 1140 triples to /Users/ghost/Dev/nexus/shared/sim_bridge/multiverse/higher_order/sanity/bootstrap/20260415_195706/iter_15/A/triples.csv[triple_mi] loaded 20 trajectories from /Users/ghost/Dev/nexus/shared/sim_bridge/multiverse/higher_order/sanity/bootstrap/20260415_195706/iter_15/B/trajectories.jsonl
[triple_mi] wrote 1140 triples to /Users/ghost/Dev/nexus/shared/sim_bridge/multiverse/higher_order/sanity/bootstrap/20260415_195706/iter_15/B/triples.csv    D_pair=0.0579  D_tri=0.0561
# bootstrap done 6319s
