[higherorder] config: M=20 T=500 DIM=32 bytes_needed=10640
[higherorder] run_dir=/Users/ghost/Dev/nexus/shared/sim_bridge/multiverse/higher_order/runs/highorder_20260416_035102
[higherorder] prng seed:    10640 bytes
[higherorder] SKIP_ANU=1 → ANU seed also urandom (dev mode)
[higherorder] generating ANU trajectories...
  universe 17 done (traj len=500)
  universe 18 done (traj len=500)
  universe 19 done (traj len=500)
[interferometer] done. pairs=190 mi_mean=6 mi_std=3
[interferometer] out: /Users/ghost/Dev/nexus/shared/sim_bridge/multiverse/higher_order/runs/highorder_20260416_035102/anu[higherorder] generating PRNG trajectories...
  universe 17 done (traj len=500)
  universe 18 done (traj len=500)
  universe 19 done (traj len=500)
[interferometer] done. pairs=190 mi_mean=6 mi_std=3
[interferometer] out: /Users/ghost/Dev/nexus/shared/sim_bridge/multiverse/higher_order/runs/highorder_20260416_035102/prng[higherorder] 3-way MI (ANU)...
[triple_mi] loaded 20 trajectories from /Users/ghost/Dev/nexus/shared/sim_bridge/multiverse/higher_order/runs/highorder_20260416_035102/anu/trajectories.jsonl
[triple_mi] wrote 1140 triples to /Users/ghost/Dev/nexus/shared/sim_bridge/multiverse/higher_order/runs/highorder_20260416_035102/anu/triples.csv[higherorder] 3-way MI (PRNG)...
[triple_mi] loaded 20 trajectories from /Users/ghost/Dev/nexus/shared/sim_bridge/multiverse/higher_order/runs/highorder_20260416_035102/prng/trajectories.jsonl
[triple_mi] wrote 1140 triples to /Users/ghost/Dev/nexus/shared/sim_bridge/multiverse/higher_order/runs/highorder_20260416_035102/prng/triples.csv[higherorder] C(M,4) = 4845
[higherorder] sub-sampling quads to ~1000
[higherorder] 4-way MI (ANU)...
[quad_mi] C(20,4) = 4845
[quad_mi] sub-sampling: stride=4 → ~1211 quads
[quad_mi] wrote 1212 quads to /Users/ghost/Dev/nexus/shared/sim_bridge/multiverse/higher_order/runs/highorder_20260416_035102/anu/quads.csv[higherorder] 4-way MI (PRNG)...
[quad_mi] C(20,4) = 4845
[quad_mi] sub-sampling: stride=4 → ~1211 quads
[quad_mi] wrote 1212 quads to /Users/ghost/Dev/nexus/shared/sim_bridge/multiverse/higher_order/runs/highorder_20260416_035102/prng/quads.csv[higherorder] TC k=3 (ANU)...
[tc] loaded 20 trajectories, k=3
[tc] C(20,3) = 1140
[tc] wrote 1140 subsets to /Users/ghost/Dev/nexus/shared/sim_bridge/multiverse/higher_order/runs/highorder_20260416_035102/anu/tc_k3.csv[higherorder] TC k=3 (PRNG)...
[tc] loaded 20 trajectories, k=3
[tc] C(20,3) = 1140
[tc] wrote 1140 subsets to /Users/ghost/Dev/nexus/shared/sim_bridge/multiverse/higher_order/runs/highorder_20260416_035102/prng/tc_k3.csv[higherorder] TC k=4 (ANU)...
[tc] C(20,4) = 4845
[tc] sub-sampling stride=4
[tc] wrote 1212 subsets to /Users/ghost/Dev/nexus/shared/sim_bridge/multiverse/higher_order/runs/highorder_20260416_035102/anu/tc_k4.csv[higherorder] TC k=4 (PRNG)...
[tc] C(20,4) = 4845
[tc] sub-sampling stride=4
[tc] wrote 1212 subsets to /Users/ghost/Dev/nexus/shared/sim_bridge/multiverse/higher_order/runs/highorder_20260416_035102/prng/tc_k4.csv[higherorder] KS triples...
[compare_ks] anu_mean=-109 std=80
[compare_ks] prng_mean=-126 std=76
[compare_ks] D=128 lambda=3055 p=0
[compare_ks] wrote /Users/ghost/Dev/nexus/shared/sim_bridge/multiverse/higher_order/runs/highorder_20260416_035102/ks_triples.json[higherorder] KS quads...
[compare_ks] anu_mean=1832 std=31
[compare_ks] prng_mean=1836 std=26
[compare_ks] D=76 lambda=1870 p=0
[compare_ks] wrote /Users/ghost/Dev/nexus/shared/sim_bridge/multiverse/higher_order/runs/highorder_20260416_035102/ks_quads.json[higherorder] KS TC k=3...
[compare_ks] anu_mean=-244 std=37
[compare_ks] prng_mean=-243 std=33
[compare_ks] D=33 lambda=787 p=564
[compare_ks] wrote /Users/ghost/Dev/nexus/shared/sim_bridge/multiverse/higher_order/runs/highorder_20260416_035102/ks_tc_k3.json[higherorder] KS TC k=4...
[compare_ks] anu_mean=-350 std=53
[compare_ks] prng_mean=-350 std=55
[compare_ks] D=29 lambda=713 p=692
[compare_ks] wrote /Users/ghost/Dev/nexus/shared/sim_bridge/multiverse/higher_order/runs/highorder_20260416_035102/ks_tc_k4.json[higherorder] pairwise KS (reuse Phase 0 mi_values from interferometer)...
[compare_ks] anu_mean=6 std=3
[compare_ks] prng_mean=6 std=3
[compare_ks] D=47 lambda=458 p=982
[compare_ks] wrote /Users/ghost/Dev/nexus/shared/sim_bridge/multiverse/higher_order/runs/highorder_20260416_035102/ks_pairwise.json[higherorder] wrote ks_results.json + summary.md
[higherorder] done.

# NEXUS-6 star18 Multiverse — higher-order MI run highorder_20260416_035102

Config: see run dir `/Users/ghost/Dev/nexus/shared/sim_bridge/multiverse/higher_order/runs/highorder_20260416_035102`

## KS 2-sample comparison (ANU vs PRNG)

| statistic | n_anu | n_prng | mean(anu) | mean(prng) | D | lambda | p-value |
|-----------|-------|--------|-----------|------------|----|--------|---------|
| pairwise | 190 | 190 | 0.0060 | 0.0060 | 0.0470 | 0.4580 | 0.9820 |
| triple | 1140 | 1140 | -0.1090 | -0.1260 | 0.1280 | 3.0550 | 0.0000 |
| quad | 1212 | 1212 | 1.8320 | 1.8360 | 0.0760 | 1.8700 | 0.0000 |
| tc_k3 | 1140 | 1140 | -0.2440 | -0.2430 | 0.0330 | 0.7870 | 0.5640 |
| tc_k4 | 1212 | 1212 | -0.3500 | -0.3500 | 0.0290 | 0.7130 | 0.6920 |

## Interpretation

- **고차 MI 에 신호 있음 checkmark** — `triple` 에서 p=0.0000 < 0.05.

## Caveats
- binary / 3-bin quantization → bias O(bins^k / 2T). null-comparison 이 이를 흡수.
- ANU 64-byte cache, rest urandom 확장 (honest mixing).
- quad / tc_k4 는 sub-sample 된 값일 수 있음 (QUAD_SUB 이하).
