=== gap ===
GAP_COUNT=0
[anima] gap scan: 0 blocking + 2 future = 2 total
  + 2 future-phase gaps (planned tasks) — not blocking
  → 2 gaps appended to /Users/ghost/Dev/nexus/shared/harness/roadmap_gaps.jsonl
GAP_COUNT=0
[nexus] gap scan: 0 blocking + 1 future = 1 total
  + 1 future-phase gaps (planned tasks) — not blocking
  → 1 gaps appended to /Users/ghost/Dev/nexus/shared/harness/roadmap_gaps.jsonl
GAP_COUNT=1
[n6-architecture] gap scan: 1 blocking + 1 future = 2 total
  [BLOCK] MISSING  projects.json  $.projects.n6-architecture.paper_trigger.generator scripts/paper-gen/n6arch_alien10.hexa
          └─ file not found
  + 1 future-phase gaps (planned tasks) — not blocking
  → 2 gaps appended to /Users/ghost/Dev/nexus/shared/harness/roadmap_gaps.jsonl
GAP_COUNT=0
[zeta-surpass] gap scan: 0 blocking + 11 future = 11 total
  + 11 future-phase gaps (planned tasks) — not blocking
  → 11 gaps appended to /Users/ghost/Dev/nexus/shared/harness/roadmap_gaps.jsonl
GAP_COUNT=3
[anima-train] gap scan: 3 blocking + 23 future = 26 total
  [BLOCK] STUB     roadmap        P0/SERVING/TSRV-P0-1                     serving/http_server.hexa
          └─ marker: '// Stub'
  [BLOCK] MISSING  roadmap        P1/SERVING/TSRV-P1-1                     serving/session_manager.hexa
          └─ file not found
  [BLOCK] MISSING  roadmap        P1/SERVING/TSRV-P1-2                     serving/cf_tunnel_keepalive.hexa
          └─ file not found
  + 23 future-phase gaps (planned tasks) — not blocking
  → 26 gaps appended to /Users/ghost/Dev/nexus/shared/harness/roadmap_gaps.jsonl
GAP_COUNT=0
[hexa-lang] gap scan: 0 blocking + 0 future = 0 total
GAP_COUNT=0
[papers] gap scan: 0 blocking + 0 future = 0 total
GAP_COUNT=0
[void] gap scan: 0 blocking + 0 future = 0 total
GAP_COUNT=0
[airgenome] gap scan: 0 blocking + 0 future = 0 total

=== gap summary: 1 3  ===WROTE  n6-architecture__projects__n6arch_alien10__MISSING  tpl=loop_missing  tasks=4  critical_path=4
WROTE  anima-train__roadmap__http_server__STUB  tpl=roadmap_stub  tasks=4  critical_path=4
WROTE  anima-train__roadmap__session_manager__MISSING  tpl=roadmap_missing  tasks=4  critical_path=4
WROTE  anima-train__roadmap__cf_tunnel_keepalive__MISSING  tpl=roadmap_missing  tasks=4  critical_path=4
4 breakthrough(s) generatedREFRESH anima-train__roadmap__cf_tunnel_keepalive__MISSING           0/4 done (0 ip, 4 todo)
  REFRESH anima-train__roadmap__http_server__STUB                      0/4 done (1 ip, 3 todo)
  REFRESH anima-train__roadmap__session_manager__MISSING               0/4 done (0 ip, 4 todo)
  REFRESH anima__projects__anima_dual__STUB                            0/3 done (1 ip, 2 todo)
  REFRESH anima__projects__anima_psi__STUB                             0/3 done (1 ip, 2 todo)
  REFRESH n6-architecture__projects__n6_dse__STUB                      0/3 done (0 ip, 3 todo)
  REFRESH n6-architecture__projects__n6arch_alien10__MISSING           0/4 done (0 ip, 4 todo)
  REFRESH nexus__projects__nexus_atlas__STUB                           0/3 done (1 ip, 2 todo)

8 breakthrough(s) refreshed. total: 0/28 done, 4 in_progress, 24 todo