================================================================
  BT-541 RIEMANN HYPOTHESIS  Round 2  Numerical Attack
================================================================
  (A) Riemann-von Mangoldt zero-density     
  (B) Explicit-formula zero sum at x=6      
  (C) GUE vs Poisson spacing (chi^2)        
  (D) Li criterion partial positivity       
----------------------------------------------------------------
[A] Zero-density: Riemann-von Mangoldt vs Odlyzko gammas
    k     gamma_k       N_formula(gamma_k)   diff(k-N)   |diff|<1?
   1    14.1347     0.449278    0.550722    ok
   2    21.022     1.5699    0.430104    ok
   3    25.0109     2.39333    0.606667    ok
   4    30.4249     3.67085    0.329154    ok
   5    32.9351     4.31707    0.68293    ok
   6    37.5862     5.59338    0.406621    ok
   7    40.9187     6.56497    0.435033    ok
   8    43.3271     7.29423    0.705772    ok
   9    48.0052     8.77068    0.22932    ok
   10    49.7738     9.3482    0.651797    ok
   46    134.757     45.1639    0.836129    ok
   47    138.116     46.8072    0.19284    ok
   48    139.736     47.6042    0.395806    ok
   49    141.124     48.2891    0.710923    ok
   50    143.112     49.2741    0.725893    ok
    max |diff| = 0.886414 at k=41
    expected O(log(T)/T * T) ~ O(log gamma) bounded-amplitude
    interpretation: bounded |diff| consistent with RH (no pathology)

[B] Explicit formula: sum over first K zeros of 2 Re(6^rho / rho)
    under RH-assumption Re(rho) = 1/2.  target (from residual in
    riemann_explicit.hexa round-1 era)  was diff ~ 0.0818 for K=inf.
    Convergence partial sums:
      K=5   sum_K = 0.170142
      K=10   sum_K = 0.0227889
      K=15   sum_K = 0.126986
      K=20   sum_K = 0.0629358
      K=25   sum_K = 0.0479759
      K=30   sum_K = 0.141074
      K=35   sum_K = 0.0584615
      K=40   sum_K = 0.0262131
      K=45   sum_K = 0.100446
      K=50   sum_K = 0.113798
    honesty: truncation error decays slowly (~ 1/gamma); K=50 not
    enough to match the x=6 residual to full precision. Direction
    of partial sums stable -> no numerical RH violation detected.

[C] GUE/Poisson spacing test on first 50 Odlyzko zeros
    s-bin         count    gue_exp   poisson_exp
  [0,0.2)   0        0.313723       8.86741
  [0.2,0.4)   1        2.55007       7.26002
  [0.4,0.6)   5        5.77798       5.944
  [0.6,0.8)   13        8.34299       4.86654
  [0.8,1)   9        9.1762       3.98438
  [1,1.2)   10        8.23719       3.26214
  [1.2,1.4)   3        6.24395       2.67081
  [1.4,1.6)   6        4.07471       2.18668
  [1.6,1.8)   2        2.31695       1.7903
  [1.8,2)   0        1.15716       1.46577
    chi^2_GUE     = 8.13641
    chi^2_Poisson = 56.4202
    verdict: GUE better  (small N=49 caveat)

[D] Li criterion partial lambda_n with K=50 zeros
    n   lambda_n(K=50)       sign     true-Li (if K=inf, conj > 0)
    1   0.0185419      POS     positive (Li 1997 <=> RH)
    2   0.0741307      POS     positive (Li 1997 <=> RH)
    3   0.166655      POS     positive (Li 1997 <=> RH)
    4   0.295931      POS     positive (Li 1997 <=> RH)
    5   0.461702      POS     positive (Li 1997 <=> RH)
    6   0.663637      POS     positive (Li 1997 <=> RH)
    7   0.901338      POS     positive (Li 1997 <=> RH)
    8   1.17434      POS     positive (Li 1997 <=> RH)
    9   1.48209      POS     positive (Li 1997 <=> RH)
    10   1.82401      POS     positive (Li 1997 <=> RH)
    honesty: K=50 truncation vastly insufficient for Li true sign
    test (error dominates at moderate n). Result = diagnostic only.

================================================================
  VERDICT (round 2):
  - No numerical RH violation detected (expected)
  - GUE distribution fits zero spacings better than Poisson
  - Truncation at K=50 inadequate for Li proof-grade test
  - Round 2 provides 4 computational signals orthogonal to R1 ladder
  - BT-541 resolution: 0/1 MISS (RH unresolved by this attack)
================================================================
================================================================
  BT-541 RIEMANN HYPOTHESIS  Round 2  Numerical Attack
================================================================
  (A) Riemann-von Mangoldt zero-density     
  (B) Explicit-formula zero sum at x=6      
  (C) GUE vs Poisson spacing (chi^2)        
  (D) Li criterion partial positivity       
----------------------------------------------------------------
[A] Zero-density: Riemann-von Mangoldt vs Odlyzko gammas
    k     gamma_k       N_formula(gamma_k)   diff(k-N)   |diff|<1?
   1    14.1347     0.449278    0.550722    ok
   2    21.022     1.5699    0.430104    ok
   3    25.0109     2.39333    0.606667    ok
   4    30.4249     3.67085    0.329154    ok
   5    32.9351     4.31707    0.68293    ok
   6    37.5862     5.59338    0.406621    ok
   7    40.9187     6.56497    0.435033    ok
   8    43.3271     7.29423    0.705772    ok
   9    48.0052     8.77068    0.22932    ok
   10    49.7738     9.3482    0.651797    ok
   46    134.757     45.1639    0.836129    ok
   47    138.116     46.8072    0.19284    ok
   48    139.736     47.6042    0.395806    ok
   49    141.124     48.2891    0.710923    ok
   50    143.112     49.2741    0.725893    ok
    max |diff| = 0.886414 at k=41
    expected O(log(T)/T * T) ~ O(log gamma) bounded-amplitude
    interpretation: bounded |diff| consistent with RH (no pathology)

[B] Explicit formula: sum over first K zeros of 2 Re(6^rho / rho)
    under RH-assumption Re(rho) = 1/2.  target (from residual in
    riemann_explicit.hexa round-1 era)  was diff ~ 0.0818 for K=inf.
    Convergence partial sums:
      K=5   sum_K = 0.170142
      K=10   sum_K = 0.0227889
      K=15   sum_K = 0.126986
      K=20   sum_K = 0.0629358
      K=25   sum_K = 0.0479759
      K=30   sum_K = 0.141074
      K=35   sum_K = 0.0584615
      K=40   sum_K = 0.0262131
      K=45   sum_K = 0.100446
      K=50   sum_K = 0.113798
    honesty: truncation error decays slowly (~ 1/gamma); K=50 not
    enough to match the x=6 residual to full precision. Direction
    of partial sums stable -> no numerical RH violation detected.

[C] GUE/Poisson spacing test on first 50 Odlyzko zeros
    s-bin         count    gue_exp   poisson_exp
  [0,0.2)   0        0.313723       8.86741
  [0.2,0.4)   1        2.55007       7.26002
  [0.4,0.6)   5        5.77798       5.944
  [0.6,0.8)   13        8.34299       4.86654
  [0.8,1)   9        9.1762       3.98438
  [1,1.2)   10        8.23719       3.26214
  [1.2,1.4)   3        6.24395       2.67081
  [1.4,1.6)   6        4.07471       2.18668
  [1.6,1.8)   2        2.31695       1.7903
  [1.8,2)   0        1.15716       1.46577
    chi^2_GUE     = 8.13641
    chi^2_Poisson = 56.4202
    verdict: GUE better  (small N=49 caveat)

[D] Li criterion partial lambda_n with K=50 zeros
    n   lambda_n(K=50)       sign     true-Li (if K=inf, conj > 0)
    1   0.0185419      POS     positive (Li 1997 <=> RH)
    2   0.0741307      POS     positive (Li 1997 <=> RH)
    3   0.166655      POS     positive (Li 1997 <=> RH)
    4   0.295931      POS     positive (Li 1997 <=> RH)
    5   0.461702      POS     positive (Li 1997 <=> RH)
    6   0.663637      POS     positive (Li 1997 <=> RH)
    7   0.901338      POS     positive (Li 1997 <=> RH)
    8   1.17434      POS     positive (Li 1997 <=> RH)
    9   1.48209      POS     positive (Li 1997 <=> RH)
    10   1.82401      POS     positive (Li 1997 <=> RH)
    honesty: K=50 truncation vastly insufficient for Li true sign
    test (error dominates at moderate n). Result = diagnostic only.

================================================================
  VERDICT (round 2):
  - No numerical RH violation detected (expected)
  - GUE distribution fits zero spacings better than Poisson
  - Truncation at K=50 inadequate for Li proof-grade test
  - Round 2 provides 4 computational signals orthogonal to R1 ladder
  - BT-541 resolution: 0/1 MISS (RH unresolved by this attack)
================================================================