# bootstrap K=8 M=20 T=500 DIM=32 start=20260415_192402
  iter 1/8 (0s elapsed)
[interferometer] tag=A M=20 T=500 dim=32
[interferometer] loaded 10640 bytes from /Users/ghost/Dev/nexus/shared/sim_bridge/multiverse/higher_order/sanity/bootstrap/20260415_192402/iter_1/A_seed.txt
  universe 0 done (traj len=500)
  universe 1 done (traj len=500)
  universe 2 done (traj len=500)
  universe 3 done (traj len=500)
  universe 4 done (traj len=500)
  universe 5 done (traj len=500)
  universe 6 done (traj len=500)
  universe 7 done (traj len=500)
  universe 8 done (traj len=500)
  universe 9 done (traj len=500)
  universe 10 done (traj len=500)
  universe 11 done (traj len=500)
  universe 12 done (traj len=500)
  universe 13 done (traj len=500)
  universe 14 done (traj len=500)
  universe 15 done (traj len=500)
  universe 16 done (traj len=500)
  universe 17 done (traj len=500)
  universe 18 done (traj len=500)
  universe 19 done (traj len=500)
[interferometer] done. pairs=190 mi_mean=6 mi_std=3
[interferometer] out: /Users/ghost/Dev/nexus/shared/sim_bridge/multiverse/higher_order/sanity/bootstrap/20260415_192402/iter_1/A[interferometer] tag=B M=20 T=500 dim=32
[interferometer] loaded 10640 bytes from /Users/ghost/Dev/nexus/shared/sim_bridge/multiverse/higher_order/sanity/bootstrap/20260415_192402/iter_1/B_seed.txt
  universe 0 done (traj len=500)
  universe 1 done (traj len=500)
  universe 2 done (traj len=500)
  universe 3 done (traj len=500)
  universe 4 done (traj len=500)
  universe 5 done (traj len=500)
  universe 6 done (traj len=500)
  universe 7 done (traj len=500)
  universe 8 done (traj len=500)
  universe 9 done (traj len=500)
  universe 10 done (traj len=500)
  universe 11 done (traj len=500)
  universe 12 done (traj len=500)
  universe 13 done (traj len=500)
  universe 14 done (traj len=500)
  universe 15 done (traj len=500)
  universe 16 done (traj len=500)
  universe 17 done (traj len=500)
  universe 18 done (traj len=500)
  universe 19 done (traj len=500)
[interferometer] done. pairs=190 mi_mean=6 mi_std=3
[interferometer] out: /Users/ghost/Dev/nexus/shared/sim_bridge/multiverse/higher_order/sanity/bootstrap/20260415_192402/iter_1/B[triple_mi] loaded 20 trajectories from /Users/ghost/Dev/nexus/shared/sim_bridge/multiverse/higher_order/sanity/bootstrap/20260415_192402/iter_1/A/trajectories.jsonl
[triple_mi] wrote 1140 triples to /Users/ghost/Dev/nexus/shared/sim_bridge/multiverse/higher_order/sanity/bootstrap/20260415_192402/iter_1/A/triples.csv[triple_mi] loaded 20 trajectories from /Users/ghost/Dev/nexus/shared/sim_bridge/multiverse/higher_order/sanity/bootstrap/20260415_192402/iter_1/B/trajectories.jsonl
[triple_mi] wrote 1140 triples to /Users/ghost/Dev/nexus/shared/sim_bridge/multiverse/higher_order/sanity/bootstrap/20260415_192402/iter_1/B/triples.csv    D_pair=0.0526  D_tri=0.2614
  iter 2/8 (219s elapsed)
[interferometer] tag=A M=20 T=500 dim=32
[interferometer] loaded 10640 bytes from /Users/ghost/Dev/nexus/shared/sim_bridge/multiverse/higher_order/sanity/bootstrap/20260415_192402/iter_2/A_seed.txt
  universe 0 done (traj len=500)
  universe 1 done (traj len=500)
  universe 2 done (traj len=500)
  universe 3 done (traj len=500)
  universe 4 done (traj len=500)
  universe 5 done (traj len=500)
  universe 6 done (traj len=500)
  universe 7 done (traj len=500)
  universe 8 done (traj len=500)
  universe 9 done (traj len=500)
  universe 10 done (traj len=500)
  universe 11 done (traj len=500)
  universe 12 done (traj len=500)
  universe 13 done (traj len=500)
  universe 14 done (traj len=500)
  universe 15 done (traj len=500)
  universe 16 done (traj len=500)
  universe 17 done (traj len=500)
  universe 18 done (traj len=500)
  universe 19 done (traj len=500)
[interferometer] done. pairs=190 mi_mean=5 mi_std=3
[interferometer] out: /Users/ghost/Dev/nexus/shared/sim_bridge/multiverse/higher_order/sanity/bootstrap/20260415_192402/iter_2/A[interferometer] tag=B M=20 T=500 dim=32
[interferometer] loaded 10640 bytes from /Users/ghost/Dev/nexus/shared/sim_bridge/multiverse/higher_order/sanity/bootstrap/20260415_192402/iter_2/B_seed.txt
  universe 0 done (traj len=500)
  universe 1 done (traj len=500)
  universe 2 done (traj len=500)
  universe 3 done (traj len=500)
  universe 4 done (traj len=500)
  universe 5 done (traj len=500)
  universe 6 done (traj len=500)
  universe 7 done (traj len=500)
  universe 8 done (traj len=500)
  universe 9 done (traj len=500)
  universe 10 done (traj len=500)
  universe 11 done (traj len=500)
  universe 12 done (traj len=500)
  universe 13 done (traj len=500)
  universe 14 done (traj len=500)
  universe 15 done (traj len=500)
  universe 16 done (traj len=500)
  universe 17 done (traj len=500)
  universe 18 done (traj len=500)
  universe 19 done (traj len=500)
[interferometer] done. pairs=190 mi_mean=6 mi_std=3
[interferometer] out: /Users/ghost/Dev/nexus/shared/sim_bridge/multiverse/higher_order/sanity/bootstrap/20260415_192402/iter_2/B[triple_mi] loaded 20 trajectories from /Users/ghost/Dev/nexus/shared/sim_bridge/multiverse/higher_order/sanity/bootstrap/20260415_192402/iter_2/A/trajectories.jsonl
[triple_mi] wrote 1140 triples to /Users/ghost/Dev/nexus/shared/sim_bridge/multiverse/higher_order/sanity/bootstrap/20260415_192402/iter_2/A/triples.csv[triple_mi] loaded 20 trajectories from /Users/ghost/Dev/nexus/shared/sim_bridge/multiverse/higher_order/sanity/bootstrap/20260415_192402/iter_2/B/trajectories.jsonl
[triple_mi] wrote 1140 triples to /Users/ghost/Dev/nexus/shared/sim_bridge/multiverse/higher_order/sanity/bootstrap/20260415_192402/iter_2/B/triples.csv    D_pair=0.1158  D_tri=0.3614
  iter 3/8 (436s elapsed)
[interferometer] tag=A M=20 T=500 dim=32
[interferometer] loaded 10640 bytes from /Users/ghost/Dev/nexus/shared/sim_bridge/multiverse/higher_order/sanity/bootstrap/20260415_192402/iter_3/A_seed.txt
  universe 0 done (traj len=500)
  universe 1 done (traj len=500)
  universe 2 done (traj len=500)
  universe 3 done (traj len=500)
  universe 4 done (traj len=500)
  universe 5 done (traj len=500)
  universe 6 done (traj len=500)
  universe 7 done (traj len=500)
  universe 8 done (traj len=500)
  universe 9 done (traj len=500)
  universe 10 done (traj len=500)
  universe 11 done (traj len=500)
  universe 12 done (traj len=500)
  universe 13 done (traj len=500)
  universe 14 done (traj len=500)
  universe 15 done (traj len=500)
  universe 16 done (traj len=500)
  universe 17 done (traj len=500)
  universe 18 done (traj len=500)
  universe 19 done (traj len=500)
[interferometer] done. pairs=190 mi_mean=6 mi_std=4
[interferometer] out: /Users/ghost/Dev/nexus/shared/sim_bridge/multiverse/higher_order/sanity/bootstrap/20260415_192402/iter_3/A[interferometer] tag=B M=20 T=500 dim=32
[interferometer] loaded 10640 bytes from /Users/ghost/Dev/nexus/shared/sim_bridge/multiverse/higher_order/sanity/bootstrap/20260415_192402/iter_3/B_seed.txt
  universe 0 done (traj len=500)
  universe 1 done (traj len=500)
  universe 2 done (traj len=500)
  universe 3 done (traj len=500)
  universe 4 done (traj len=500)
  universe 5 done (traj len=500)
  universe 6 done (traj len=500)
  universe 7 done (traj len=500)
  universe 8 done (traj len=500)
  universe 9 done (traj len=500)
  universe 10 done (traj len=500)
  universe 11 done (traj len=500)
  universe 12 done (traj len=500)
  universe 13 done (traj len=500)
  universe 14 done (traj len=500)
  universe 15 done (traj len=500)
  universe 16 done (traj len=500)
  universe 17 done (traj len=500)
  universe 18 done (traj len=500)
  universe 19 done (traj len=500)
[interferometer] done. pairs=190 mi_mean=6 mi_std=4
[interferometer] out: /Users/ghost/Dev/nexus/shared/sim_bridge/multiverse/higher_order/sanity/bootstrap/20260415_192402/iter_3/B[triple_mi] loaded 20 trajectories from /Users/ghost/Dev/nexus/shared/sim_bridge/multiverse/higher_order/sanity/bootstrap/20260415_192402/iter_3/A/trajectories.jsonl
[triple_mi] wrote 1140 triples to /Users/ghost/Dev/nexus/shared/sim_bridge/multiverse/higher_order/sanity/bootstrap/20260415_192402/iter_3/A/triples.csv[triple_mi] loaded 20 trajectories from /Users/ghost/Dev/nexus/shared/sim_bridge/multiverse/higher_order/sanity/bootstrap/20260415_192402/iter_3/B/trajectories.jsonl
[triple_mi] wrote 1140 triples to /Users/ghost/Dev/nexus/shared/sim_bridge/multiverse/higher_order/sanity/bootstrap/20260415_192402/iter_3/B/triples.csv    D_pair=0.0737  D_tri=0.0675
  iter 4/8 (651s elapsed)
[interferometer] tag=A M=20 T=500 dim=32
[interferometer] loaded 10640 bytes from /Users/ghost/Dev/nexus/shared/sim_bridge/multiverse/higher_order/sanity/bootstrap/20260415_192402/iter_4/A_seed.txt
  universe 0 done (traj len=500)
  universe 1 done (traj len=500)
  universe 2 done (traj len=500)
  universe 3 done (traj len=500)
  universe 4 done (traj len=500)
  universe 5 done (traj len=500)
  universe 6 done (traj len=500)
  universe 7 done (traj len=500)
  universe 8 done (traj len=500)
  universe 9 done (traj len=500)
  universe 10 done (traj len=500)
  universe 11 done (traj len=500)
  universe 12 done (traj len=500)
  universe 13 done (traj len=500)
  universe 14 done (traj len=500)
  universe 15 done (traj len=500)
  universe 16 done (traj len=500)
  universe 17 done (traj len=500)
  universe 18 done (traj len=500)
  universe 19 done (traj len=500)
[interferometer] done. pairs=190 mi_mean=6 mi_std=4
[interferometer] out: /Users/ghost/Dev/nexus/shared/sim_bridge/multiverse/higher_order/sanity/bootstrap/20260415_192402/iter_4/A[interferometer] tag=B M=20 T=500 dim=32
[interferometer] loaded 10640 bytes from /Users/ghost/Dev/nexus/shared/sim_bridge/multiverse/higher_order/sanity/bootstrap/20260415_192402/iter_4/B_seed.txt
  universe 0 done (traj len=500)
  universe 1 done (traj len=500)
  universe 2 done (traj len=500)
  universe 3 done (traj len=500)
  universe 4 done (traj len=500)
  universe 5 done (traj len=500)
  universe 6 done (traj len=500)
  universe 7 done (traj len=500)
  universe 8 done (traj len=500)
  universe 9 done (traj len=500)
  universe 10 done (traj len=500)
  universe 11 done (traj len=500)
  universe 12 done (traj len=500)
  universe 13 done (traj len=500)
  universe 14 done (traj len=500)
  universe 15 done (traj len=500)
  universe 16 done (traj len=500)
  universe 17 done (traj len=500)
  universe 18 done (traj len=500)
  universe 19 done (traj len=500)
[interferometer] done. pairs=190 mi_mean=6 mi_std=4
[interferometer] out: /Users/ghost/Dev/nexus/shared/sim_bridge/multiverse/higher_order/sanity/bootstrap/20260415_192402/iter_4/B[triple_mi] loaded 20 trajectories from /Users/ghost/Dev/nexus/shared/sim_bridge/multiverse/higher_order/sanity/bootstrap/20260415_192402/iter_4/A/trajectories.jsonl
[triple_mi] wrote 1140 triples to /Users/ghost/Dev/nexus/shared/sim_bridge/multiverse/higher_order/sanity/bootstrap/20260415_192402/iter_4/A/triples.csv[triple_mi] loaded 20 trajectories from /Users/ghost/Dev/nexus/shared/sim_bridge/multiverse/higher_order/sanity/bootstrap/20260415_192402/iter_4/B/trajectories.jsonl
[triple_mi] wrote 1140 triples to /Users/ghost/Dev/nexus/shared/sim_bridge/multiverse/higher_order/sanity/bootstrap/20260415_192402/iter_4/B/triples.csv    D_pair=0.0842  D_tri=0.2298
  iter 5/8 (869s elapsed)
[interferometer] tag=A M=20 T=500 dim=32
[interferometer] loaded 10640 bytes from /Users/ghost/Dev/nexus/shared/sim_bridge/multiverse/higher_order/sanity/bootstrap/20260415_192402/iter_5/A_seed.txt
  universe 0 done (traj len=500)
  universe 1 done (traj len=500)
  universe 2 done (traj len=500)
  universe 3 done (traj len=500)
  universe 4 done (traj len=500)
  universe 5 done (traj len=500)
  universe 6 done (traj len=500)
  universe 7 done (traj len=500)
  universe 8 done (traj len=500)
  universe 9 done (traj len=500)
  universe 10 done (traj len=500)
  universe 11 done (traj len=500)
  universe 12 done (traj len=500)
  universe 13 done (traj len=500)
  universe 14 done (traj len=500)
  universe 15 done (traj len=500)
  universe 16 done (traj len=500)
  universe 17 done (traj len=500)
  universe 18 done (traj len=500)
  universe 19 done (traj len=500)
[interferometer] done. pairs=190 mi_mean=6 mi_std=3
[interferometer] out: /Users/ghost/Dev/nexus/shared/sim_bridge/multiverse/higher_order/sanity/bootstrap/20260415_192402/iter_5/A[interferometer] tag=B M=20 T=500 dim=32
[interferometer] loaded 10640 bytes from /Users/ghost/Dev/nexus/shared/sim_bridge/multiverse/higher_order/sanity/bootstrap/20260415_192402/iter_5/B_seed.txt
  universe 0 done (traj len=500)
  universe 1 done (traj len=500)
  universe 2 done (traj len=500)
  universe 3 done (traj len=500)
  universe 4 done (traj len=500)
  universe 5 done (traj len=500)
  universe 6 done (traj len=500)
  universe 7 done (traj len=500)
  universe 8 done (traj len=500)
  universe 9 done (traj len=500)
  universe 10 done (traj len=500)
  universe 11 done (traj len=500)
  universe 12 done (traj len=500)
  universe 13 done (traj len=500)
  universe 14 done (traj len=500)
  universe 15 done (traj len=500)
  universe 16 done (traj len=500)
  universe 17 done (traj len=500)
  universe 18 done (traj len=500)
  universe 19 done (traj len=500)
[interferometer] done. pairs=190 mi_mean=6 mi_std=3
[interferometer] out: /Users/ghost/Dev/nexus/shared/sim_bridge/multiverse/higher_order/sanity/bootstrap/20260415_192402/iter_5/B[triple_mi] loaded 20 trajectories from /Users/ghost/Dev/nexus/shared/sim_bridge/multiverse/higher_order/sanity/bootstrap/20260415_192402/iter_5/B/trajectories.jsonl
[triple_mi] wrote 1140 triples to /Users/ghost/Dev/nexus/shared/sim_bridge/multiverse/higher_order/sanity/bootstrap/20260415_192402/iter_5/B/triples.csv    D_pair=0.0474  D_tri=0.0947
  iter 6/8 (1100s elapsed)
[interferometer] tag=A M=20 T=500 dim=32
[interferometer] loaded 10640 bytes from /Users/ghost/Dev/nexus/shared/sim_bridge/multiverse/higher_order/sanity/bootstrap/20260415_192402/iter_6/A_seed.txt
  universe 0 done (traj len=500)
  universe 1 done (traj len=500)
  universe 2 done (traj len=500)
  universe 3 done (traj len=500)
  universe 4 done (traj len=500)
  universe 5 done (traj len=500)
  universe 6 done (traj len=500)
  universe 7 done (traj len=500)
  universe 8 done (traj len=500)
  universe 9 done (traj len=500)
  universe 10 done (traj len=500)
  universe 11 done (traj len=500)
  universe 12 done (traj len=500)
  universe 13 done (traj len=500)
  universe 14 done (traj len=500)
  universe 15 done (traj len=500)
  universe 16 done (traj len=500)
  universe 17 done (traj len=500)
  universe 18 done (traj len=500)
  universe 19 done (traj len=500)
[interferometer] done. pairs=190 mi_mean=6 mi_std=3
[interferometer] out: /Users/ghost/Dev/nexus/shared/sim_bridge/multiverse/higher_order/sanity/bootstrap/20260415_192402/iter_6/A[interferometer] tag=B M=20 T=500 dim=32
[interferometer] loaded 10640 bytes from /Users/ghost/Dev/nexus/shared/sim_bridge/multiverse/higher_order/sanity/bootstrap/20260415_192402/iter_6/B_seed.txt
  universe 0 done (traj len=500)
  universe 1 done (traj len=500)
  universe 2 done (traj len=500)
  universe 3 done (traj len=500)
  universe 4 done (traj len=500)
  universe 5 done (traj len=500)
  universe 6 done (traj len=500)
  universe 7 done (traj len=500)
  universe 8 done (traj len=500)
  universe 9 done (traj len=500)
  universe 10 done (traj len=500)
  universe 11 done (traj len=500)
  universe 12 done (traj len=500)
  universe 13 done (traj len=500)
  universe 14 done (traj len=500)
  universe 15 done (traj len=500)
  universe 16 done (traj len=500)
  universe 17 done (traj len=500)
  universe 18 done (traj len=500)
  universe 19 done (traj len=500)
[interferometer] done. pairs=190 mi_mean=6 mi_std=4
[interferometer] out: /Users/ghost/Dev/nexus/shared/sim_bridge/multiverse/higher_order/sanity/bootstrap/20260415_192402/iter_6/B[triple_mi] loaded 20 trajectories from /Users/ghost/Dev/nexus/shared/sim_bridge/multiverse/higher_order/sanity/bootstrap/20260415_192402/iter_6/A/trajectories.jsonl
[triple_mi] wrote 1140 triples to /Users/ghost/Dev/nexus/shared/sim_bridge/multiverse/higher_order/sanity/bootstrap/20260415_192402/iter_6/A/triples.csv    D_pair=0.1000  D_tri=0.0579
  iter 7/8 (1371s elapsed)
[interferometer] tag=A M=20 T=500 dim=32
[interferometer] loaded 10640 bytes from /Users/ghost/Dev/nexus/shared/sim_bridge/multiverse/higher_order/sanity/bootstrap/20260415_192402/iter_7/A_seed.txt
  universe 0 done (traj len=500)
  universe 1 done (traj len=500)
  universe 2 done (traj len=500)
  universe 3 done (traj len=500)
  universe 4 done (traj len=500)
  universe 5 done (traj len=500)
  universe 6 done (traj len=500)
  universe 7 done (traj len=500)
  universe 8 done (traj len=500)
  universe 9 done (traj len=500)
  universe 10 done (traj len=500)
  universe 11 done (traj len=500)
  universe 12 done (traj len=500)
  universe 13 done (traj len=500)
  universe 14 done (traj len=500)
  universe 15 done (traj len=500)
  universe 16 done (traj len=500)
  universe 17 done (traj len=500)
  universe 18 done (traj len=500)
  universe 19 done (traj len=500)
[interferometer] done. pairs=190 mi_mean=6 mi_std=3
[interferometer] out: /Users/ghost/Dev/nexus/shared/sim_bridge/multiverse/higher_order/sanity/bootstrap/20260415_192402/iter_7/A[interferometer] tag=B M=20 T=500 dim=32
[interferometer] loaded 10640 bytes from /Users/ghost/Dev/nexus/shared/sim_bridge/multiverse/higher_order/sanity/bootstrap/20260415_192402/iter_7/B_seed.txt
  universe 0 done (traj len=500)
  universe 1 done (traj len=500)
  universe 2 done (traj len=500)
  universe 3 done (traj len=500)
  universe 4 done (traj len=500)
  universe 5 done (traj len=500)
  universe 6 done (traj len=500)
  universe 7 done (traj len=500)
  universe 8 done (traj len=500)
  universe 9 done (traj len=500)
  universe 10 done (traj len=500)
  universe 11 done (traj len=500)
  universe 12 done (traj len=500)
  universe 13 done (traj len=500)
  universe 14 done (traj len=500)
  universe 15 done (traj len=500)
  universe 16 done (traj len=500)
  universe 17 done (traj len=500)
  universe 18 done (traj len=500)
  universe 19 done (traj len=500)
[interferometer] done. pairs=190 mi_mean=6 mi_std=3
[interferometer] out: /Users/ghost/Dev/nexus/shared/sim_bridge/multiverse/higher_order/sanity/bootstrap/20260415_192402/iter_7/B[triple_mi] loaded 20 trajectories from /Users/ghost/Dev/nexus/shared/sim_bridge/multiverse/higher_order/sanity/bootstrap/20260415_192402/iter_7/A/trajectories.jsonl
[triple_mi] wrote 1140 triples to /Users/ghost/Dev/nexus/shared/sim_bridge/multiverse/higher_order/sanity/bootstrap/20260415_192402/iter_7/A/triples.csv[triple_mi] loaded 20 trajectories from /Users/ghost/Dev/nexus/shared/sim_bridge/multiverse/higher_order/sanity/bootstrap/20260415_192402/iter_7/B/trajectories.jsonl
[triple_mi] wrote 1140 triples to /Users/ghost/Dev/nexus/shared/sim_bridge/multiverse/higher_order/sanity/bootstrap/20260415_192402/iter_7/B/triples.csv    D_pair=0.0684  D_tri=0.1544
  iter 8/8 (1611s elapsed)
[interferometer] tag=A M=20 T=500 dim=32
[interferometer] loaded 10640 bytes from /Users/ghost/Dev/nexus/shared/sim_bridge/multiverse/higher_order/sanity/bootstrap/20260415_192402/iter_8/A_seed.txt
  universe 0 done (traj len=500)
  universe 1 done (traj len=500)
  universe 2 done (traj len=500)
  universe 3 done (traj len=500)
  universe 4 done (traj len=500)
  universe 5 done (traj len=500)
  universe 6 done (traj len=500)
  universe 7 done (traj len=500)
  universe 8 done (traj len=500)
  universe 9 done (traj len=500)
  universe 10 done (traj len=500)
  universe 11 done (traj len=500)
  universe 12 done (traj len=500)
  universe 13 done (traj len=500)
  universe 14 done (traj len=500)
  universe 15 done (traj len=500)
  universe 16 done (traj len=500)
  universe 17 done (traj len=500)
  universe 18 done (traj len=500)
  universe 19 done (traj len=500)
[interferometer] done. pairs=190 mi_mean=6 mi_std=4
[interferometer] out: /Users/ghost/Dev/nexus/shared/sim_bridge/multiverse/higher_order/sanity/bootstrap/20260415_192402/iter_8/A[interferometer] tag=B M=20 T=500 dim=32
[interferometer] loaded 10640 bytes from /Users/ghost/Dev/nexus/shared/sim_bridge/multiverse/higher_order/sanity/bootstrap/20260415_192402/iter_8/B_seed.txt
  universe 0 done (traj len=500)
  universe 1 done (traj len=500)
  universe 2 done (traj len=500)
  universe 3 done (traj len=500)
  universe 4 done (traj len=500)
  universe 5 done (traj len=500)
  universe 6 done (traj len=500)
  universe 7 done (traj len=500)
  universe 8 done (traj len=500)
  universe 9 done (traj len=500)
  universe 10 done (traj len=500)
  universe 11 done (traj len=500)
  universe 12 done (traj len=500)
  universe 13 done (traj len=500)
  universe 14 done (traj len=500)
  universe 15 done (traj len=500)
  universe 16 done (traj len=500)
  universe 17 done (traj len=500)
  universe 18 done (traj len=500)
  universe 19 done (traj len=500)
[interferometer] done. pairs=190 mi_mean=6 mi_std=3
[interferometer] out: /Users/ghost/Dev/nexus/shared/sim_bridge/multiverse/higher_order/sanity/bootstrap/20260415_192402/iter_8/B[triple_mi] loaded 20 trajectories from /Users/ghost/Dev/nexus/shared/sim_bridge/multiverse/higher_order/sanity/bootstrap/20260415_192402/iter_8/A/trajectories.jsonl
[triple_mi] wrote 1140 triples to /Users/ghost/Dev/nexus/shared/sim_bridge/multiverse/higher_order/sanity/bootstrap/20260415_192402/iter_8/A/triples.csv[triple_mi] loaded 20 trajectories from /Users/ghost/Dev/nexus/shared/sim_bridge/multiverse/higher_order/sanity/bootstrap/20260415_192402/iter_8/B/trajectories.jsonl
[triple_mi] wrote 1140 triples to /Users/ghost/Dev/nexus/shared/sim_bridge/multiverse/higher_order/sanity/bootstrap/20260415_192402/iter_8/B/triples.csv    D_pair=0.1053  D_tri=0.1982
# bootstrap done 1830s
