# bootstrap K=3 M=15 T=400 DIM=24 start=20260415_191938
  iter 1/3 (0s elapsed)
[interferometer] tag=A M=15 T=400 dim=24
[interferometer] loaded 6360 bytes from /Users/ghost/Dev/nexus/shared/sim_bridge/multiverse/higher_order/sanity/bootstrap/20260415_191938/iter_1/A_seed.txt
  universe 0 done (traj len=400)
  universe 1 done (traj len=400)
  universe 2 done (traj len=400)
  universe 3 done (traj len=400)
  universe 4 done (traj len=400)
  universe 5 done (traj len=400)
  universe 6 done (traj len=400)
  universe 7 done (traj len=400)
  universe 8 done (traj len=400)
  universe 9 done (traj len=400)
  universe 10 done (traj len=400)
  universe 11 done (traj len=400)
  universe 12 done (traj len=400)
  universe 13 done (traj len=400)
  universe 14 done (traj len=400)
[interferometer] done. pairs=105 mi_mean=8 mi_std=5
[interferometer] out: /Users/ghost/Dev/nexus/shared/sim_bridge/multiverse/higher_order/sanity/bootstrap/20260415_191938/iter_1/A[interferometer] tag=B M=15 T=400 dim=24
[interferometer] loaded 6360 bytes from /Users/ghost/Dev/nexus/shared/sim_bridge/multiverse/higher_order/sanity/bootstrap/20260415_191938/iter_1/B_seed.txt
  universe 0 done (traj len=400)
  universe 1 done (traj len=400)
  universe 2 done (traj len=400)
  universe 3 done (traj len=400)
  universe 4 done (traj len=400)
  universe 5 done (traj len=400)
  universe 6 done (traj len=400)
  universe 7 done (traj len=400)
  universe 8 done (traj len=400)
  universe 9 done (traj len=400)
  universe 10 done (traj len=400)
  universe 11 done (traj len=400)
  universe 12 done (traj len=400)
  universe 13 done (traj len=400)
  universe 14 done (traj len=400)
[interferometer] done. pairs=105 mi_mean=7 mi_std=4
[interferometer] out: /Users/ghost/Dev/nexus/shared/sim_bridge/multiverse/higher_order/sanity/bootstrap/20260415_191938/iter_1/B[triple_mi] loaded 15 trajectories from /Users/ghost/Dev/nexus/shared/sim_bridge/multiverse/higher_order/sanity/bootstrap/20260415_191938/iter_1/A/trajectories.jsonl
[triple_mi] wrote 455 triples to /Users/ghost/Dev/nexus/shared/sim_bridge/multiverse/higher_order/sanity/bootstrap/20260415_191938/iter_1/A/triples.csv[triple_mi] loaded 15 trajectories from /Users/ghost/Dev/nexus/shared/sim_bridge/multiverse/higher_order/sanity/bootstrap/20260415_191938/iter_1/B/trajectories.jsonl
[triple_mi] wrote 455 triples to /Users/ghost/Dev/nexus/shared/sim_bridge/multiverse/higher_order/sanity/bootstrap/20260415_191938/iter_1/B/triples.csv    D_pair=0.0952  D_tri=0.3231
  iter 2/3 (64s elapsed)
[interferometer] tag=A M=15 T=400 dim=24
[interferometer] loaded 6360 bytes from /Users/ghost/Dev/nexus/shared/sim_bridge/multiverse/higher_order/sanity/bootstrap/20260415_191938/iter_2/A_seed.txt
  universe 0 done (traj len=400)
  universe 1 done (traj len=400)
  universe 2 done (traj len=400)
  universe 3 done (traj len=400)
  universe 4 done (traj len=400)
  universe 5 done (traj len=400)
  universe 6 done (traj len=400)
  universe 7 done (traj len=400)
  universe 8 done (traj len=400)
  universe 9 done (traj len=400)
  universe 10 done (traj len=400)
  universe 11 done (traj len=400)
  universe 12 done (traj len=400)
  universe 13 done (traj len=400)
  universe 14 done (traj len=400)
[interferometer] done. pairs=105 mi_mean=8 mi_std=4
[interferometer] out: /Users/ghost/Dev/nexus/shared/sim_bridge/multiverse/higher_order/sanity/bootstrap/20260415_191938/iter_2/A[interferometer] tag=B M=15 T=400 dim=24
[interferometer] loaded 6360 bytes from /Users/ghost/Dev/nexus/shared/sim_bridge/multiverse/higher_order/sanity/bootstrap/20260415_191938/iter_2/B_seed.txt
  universe 0 done (traj len=400)
  universe 1 done (traj len=400)
  universe 2 done (traj len=400)
  universe 3 done (traj len=400)
  universe 4 done (traj len=400)
  universe 5 done (traj len=400)
  universe 6 done (traj len=400)
  universe 7 done (traj len=400)
  universe 8 done (traj len=400)
  universe 9 done (traj len=400)
  universe 10 done (traj len=400)
  universe 11 done (traj len=400)
  universe 12 done (traj len=400)
  universe 13 done (traj len=400)
  universe 14 done (traj len=400)
[interferometer] done. pairs=105 mi_mean=7 mi_std=3
[interferometer] out: /Users/ghost/Dev/nexus/shared/sim_bridge/multiverse/higher_order/sanity/bootstrap/20260415_191938/iter_2/B[triple_mi] loaded 15 trajectories from /Users/ghost/Dev/nexus/shared/sim_bridge/multiverse/higher_order/sanity/bootstrap/20260415_191938/iter_2/A/trajectories.jsonl
[triple_mi] wrote 455 triples to /Users/ghost/Dev/nexus/shared/sim_bridge/multiverse/higher_order/sanity/bootstrap/20260415_191938/iter_2/A/triples.csv[triple_mi] loaded 15 trajectories from /Users/ghost/Dev/nexus/shared/sim_bridge/multiverse/higher_order/sanity/bootstrap/20260415_191938/iter_2/B/trajectories.jsonl
[triple_mi] wrote 455 triples to /Users/ghost/Dev/nexus/shared/sim_bridge/multiverse/higher_order/sanity/bootstrap/20260415_191938/iter_2/B/triples.csv    D_pair=0.1048  D_tri=0.2132
  iter 3/3 (129s elapsed)
[interferometer] tag=A M=15 T=400 dim=24
[interferometer] loaded 6360 bytes from /Users/ghost/Dev/nexus/shared/sim_bridge/multiverse/higher_order/sanity/bootstrap/20260415_191938/iter_3/A_seed.txt
  universe 0 done (traj len=400)
  universe 1 done (traj len=400)
  universe 2 done (traj len=400)
  universe 3 done (traj len=400)
  universe 4 done (traj len=400)
  universe 5 done (traj len=400)
  universe 6 done (traj len=400)
  universe 7 done (traj len=400)
  universe 8 done (traj len=400)
  universe 9 done (traj len=400)
  universe 10 done (traj len=400)
  universe 11 done (traj len=400)
  universe 12 done (traj len=400)
  universe 13 done (traj len=400)
  universe 14 done (traj len=400)
[interferometer] done. pairs=105 mi_mean=7 mi_std=4
[interferometer] out: /Users/ghost/Dev/nexus/shared/sim_bridge/multiverse/higher_order/sanity/bootstrap/20260415_191938/iter_3/A[interferometer] tag=B M=15 T=400 dim=24
[interferometer] loaded 6360 bytes from /Users/ghost/Dev/nexus/shared/sim_bridge/multiverse/higher_order/sanity/bootstrap/20260415_191938/iter_3/B_seed.txt
  universe 0 done (traj len=400)
  universe 1 done (traj len=400)
  universe 2 done (traj len=400)
  universe 3 done (traj len=400)
  universe 4 done (traj len=400)
  universe 5 done (traj len=400)
  universe 6 done (traj len=400)
  universe 7 done (traj len=400)
  universe 8 done (traj len=400)
  universe 9 done (traj len=400)
  universe 10 done (traj len=400)
  universe 11 done (traj len=400)
  universe 12 done (traj len=400)
  universe 13 done (traj len=400)
  universe 14 done (traj len=400)
[interferometer] done. pairs=105 mi_mean=8 mi_std=4
[interferometer] out: /Users/ghost/Dev/nexus/shared/sim_bridge/multiverse/higher_order/sanity/bootstrap/20260415_191938/iter_3/B[triple_mi] loaded 15 trajectories from /Users/ghost/Dev/nexus/shared/sim_bridge/multiverse/higher_order/sanity/bootstrap/20260415_191938/iter_3/A/trajectories.jsonl
[triple_mi] wrote 455 triples to /Users/ghost/Dev/nexus/shared/sim_bridge/multiverse/higher_order/sanity/bootstrap/20260415_191938/iter_3/A/triples.csv[triple_mi] loaded 15 trajectories from /Users/ghost/Dev/nexus/shared/sim_bridge/multiverse/higher_order/sanity/bootstrap/20260415_191938/iter_3/B/trajectories.jsonl
[triple_mi] wrote 455 triples to /Users/ghost/Dev/nexus/shared/sim_bridge/multiverse/higher_order/sanity/bootstrap/20260415_191938/iter_3/B/triples.csv    D_pair=0.0857  D_tri=0.2659
# bootstrap done 197s
