{"ts":"2026-04-06T18:39:48","class":"STATUS_ONE","target":"hexa_lang","result":"ok"}
{"ts":"2026-04-06T18:40:22","class":"STATUS_ONE","target":"hexa_lang","result":"ok"}
{"ts":"2026-04-06T18:42:24","class":"STATUS_ONE","target":"hexa_lang","result":"ok"}
{"ts":"2026-04-06T18:42:53","class":"STATUS_ALL","target":"all","result":"ok"}
{"ts":"2026-04-06T18:45:23","class":"STATUS_ALL","target":"all","result":"ok"}
{"ts":"2026-04-06T19:25:54","module":"engine_anima.hexa","mode":"status","result":{"discoveries":0,"laws":0,"health":0.0,"raw":"HEXA-LANG v0.1.0 -- The Perfect Number Language sigma(n)*phi(n) = n*tau(n) iff n = 6 Type :quit to exit, :help for help  hexa> "}}
{"ts":"2026-04-06T19:25:54","class":"STATUS_ONE","target":"anima","result":"ok"}
{"ts":"2026-04-06T19:58:20","class":"BREAKTHROUGH","target":"next_breakthrough","result":"dispatched_bg"}
{"ts":"2026-04-06T19:59:10","class":"NEXT_BREAKTHROUGH","target":"direction","result":"ok"}
{"ts":"2026-04-07T23:08:58","module":"cross_project.hexa","mode":"resonance","result":{"discoveries":0,"laws":0,"health":0.0,"raw":" ========================================================   CROSS-PROJECT Engine -- absorb + propagate + resonance   mode: resonance ========================================================  --- Absor"}}
{"ts":"2026-04-07T23:08:58","class":"CROSSFEED","target":"all","result":"ok"}
{"ts":"2026-04-07T23:57:35","module":"nexus_hub.hexa","mode":"report","result":{"discoveries":0,"laws":0,"health":0.0,"raw":" === nexus_hub verified ==="}}
{"ts":"2026-04-07T23:57:35","class":"STATUS_ALL","target":"all","result":"ok"}
{"ts":"2026-04-09T16:52:45","module":"seed_engine.hexa","mode":"merge","result":{"discoveries":0,"laws":0,"health":0.0,"raw":"6|12|2|4|5|24|7|4.0|8.0|5.0|6.0|3.0|64.0|576.0|16.0|4096.0|7.0|12.0|256.0|60.0|24.0|10.0|120.0|2401.0|999.0|288.0|144.0|72.0|48.0|36.0|150.0|100.0|11.0|26.0|1824.0|1852.0|1834.0|1.667|2.527|2.699|2.8|"}}
{"ts":"2026-04-09T22:58:19","module":"engine_airgenome.hexa","mode":"status","result":{"discoveries":0,"laws":0,"health":0.0,"raw":"═══ Archaeologist Engine [airgenome] v1.0.0 ═══ project: /Users/ghost/Dev/airgenome goal: L6e 돌파, 게놈 1000+ 축적  genomes: 0/1000 progress: 0.0% forge_active: false last_scan: never  health:0.05 STAGNANT"}}
{"ts":"2026-04-09T22:58:19","class":"STATUS_ONE","target":"airgenome","result":"ok"}
{"ts":"2026-04-09T22:58:31","module":"nexus_hub.hexa","mode":"report","result":{"discoveries":0,"laws":0,"health":0.0,"raw":" === nexus_hub verified ==="}}
{"ts":"2026-04-09T22:58:31","class":"STATUS_ALL","target":"all","result":"ok"}
{"ts":"2026-04-09T23:06:27","module":"engine_airgenome.hexa","mode":"status","result":{"discoveries":0,"laws":0,"health":0.0,"raw":"═══ Archaeologist Engine [airgenome] v1.0.0 ═══ project: /Users/ghost/Dev/airgenome goal: L6e 돌파, 게놈 1000+ 축적  genomes: 0/1000 progress: 0.0% forge_active: false last_scan: never  health:0.05 STAGNANT"}}
{"ts":"2026-04-09T23:06:27","class":"STATUS_ONE","target":"airgenome","result":"ok"}
{"ts":"2026-04-09T23:12:16","module":"engine_airgenome.hexa","mode":"status","result":{"discoveries":0,"laws":0,"health":0.0,"raw":"═══ Archaeologist Engine [airgenome] v1.0.0 ═══ project: /Users/ghost/Dev/airgenome goal: L6e 돌파, 게놈 1000+ 축적  genomes: 0/1000 progress: 0.0% forge_active: false last_scan: never  health:0.05 STAGNANT"}}
{"ts":"2026-04-09T23:12:16","class":"STATUS_ONE","target":"airgenome","result":"ok"}
{"ts":"2026-04-09T23:13:40","module":"engine_airgenome.hexa","mode":"status","result":{"discoveries":0,"laws":0,"health":0.0,"raw":"═══ Archaeologist Engine [airgenome] v1.0.0 ═══ project: /Users/ghost/Dev/airgenome goal: L6e 돌파, 게놈 1000+ 축적  genomes: 3278/1000 progress: 327.8% forge_active: false last_scan: never  health:0.55 GOA"}}
{"ts":"2026-04-09T23:13:40","class":"STATUS_ONE","target":"airgenome","result":"ok"}
{"ts":"2026-04-09T23:16:30","module":"engine_airgenome.hexa","mode":"status","result":{"discoveries":0,"laws":0,"health":0.0,"raw":"═══ Archaeologist Engine [airgenome] v1.0.0 ═══ project: /Users/ghost/Dev/airgenome goal: L6e 돌파, 게놈 1000+ 축적  genomes: 3278/1000 progress: 327.8% forge_active: false last_scan: never  health:0.55 GOA"}}
{"ts":"2026-04-09T23:16:30","class":"STATUS_ONE","target":"airgenome","result":"ok"}
{"ts":"2026-04-10T00:46:19","module":"engine_airgenome.hexa","mode":"status","result":{"discoveries":0,"laws":0,"health":0.0,"raw":"═══ Archaeologist Engine [airgenome] v1.0.0 ═══ project: /Users/ghost/Dev/airgenome goal: L6e 돌파, 게놈 1000+ 축적  genomes: 3378/1000 progress: 337.8% forge_active: false last_scan: never  health:0.55 GOA"}}
{"ts":"2026-04-10T00:46:19","class":"STATUS_ONE","target":"airgenome","result":"ok"}
{"ts":"2026-04-11T19:56:31","class":"TODO","target":"all","result":"ok"}
{"ts":"2026-04-11T19:59:27","class":"TODO","target":"all","result":"ok"}
Error reading /Users/ghost/Dev/nexus/mk2_hexa/native/go_loop.hexa: No such file or directory (os error 2)
{"ts":"2026-04-11T19:59:33","class":"GO","target":"go_loop","result":"dispatched_bg"}
